TpTrace Verbose: 0 : 20284, 1, 2023/08/19, 12:38:07.434, 483824697915, vstest.console.dll, Version: 17.4.0-release-20221019-01 Current process architecture: X64
TpTrace Verbose: 0 : 20284, 1, 2023/08/19, 12:38:07.436, 483824719619, vstest.console.dll, Runtime location: C:\Program Files\dotnet\shared\Microsoft.NETCore.App\7.0.0
TpTrace Verbose: 0 : 20284, 1, 2023/08/19, 12:38:07.441, 483824765591, vstest.console.dll, ArtifactProcessingPostProcessModeProcessorExecutor.Initialize: ArtifactProcessingMode.Collect
TpTrace Verbose: 0 : 20284, 1, 2023/08/19, 12:38:07.441, 483824767412, vstest.console.dll, TestSessionCorrelationIdProcessorModeProcessorExecutor.Initialize: TestSessionCorrelationId '6508_3f904f52-37a7-4e99-a551-a95a2374ca4f'
TpTrace Information: 0 : 20284, 1, 2023/08/19, 12:38:07.492, 483825278034, vstest.console.dll, FilePatternParser: The given file C:\Users\Shakhriyor_Toylokov\source\repos\UnitTesting\FizzBuzzTests\bin\Debug\netcoreapp3.1\fine-code-coverage\build-output\FizzBuzzTests.dll is a full path.
TpTrace Verbose: 0 : 20284, 1, 2023/08/19, 12:38:07.498, 483825341216, vstest.console.dll, TestPluginCache.DiscoverTestExtensions: finding test extensions in assemblies ends with: RuntimeProvider.dll TPluginInfo: Microsoft.VisualStudio.TestPlatform.Common.ExtensionFramework.Utilities.TestRuntimePluginInformation TExtension: Microsoft.VisualStudio.TestPlatform.ObjectModel.Host.ITestRuntimeProvider
TpTrace Verbose: 0 : 20284, 1, 2023/08/19, 12:38:07.498, 483825343162, vstest.console.dll, TestPluginCache.GetExtensionPaths: Filtered extension paths: 
TpTrace Verbose: 0 : 20284, 1, 2023/08/19, 12:38:07.498, 483825343889, vstest.console.dll, TestPluginCache.GetExtensionPaths: Added default extension paths: C:\Program Files\dotnet\sdk\7.0.100\Extensions\Microsoft.Diagnostics.NETCore.Client.dll
C:\Program Files\dotnet\sdk\7.0.100\Extensions\Microsoft.TestPlatform.Extensions.BlameDataCollector.dll
C:\Program Files\dotnet\sdk\7.0.100\Extensions\Microsoft.TestPlatform.Extensions.EventLogCollector.dll
C:\Program Files\dotnet\sdk\7.0.100\Extensions\Microsoft.TestPlatform.TestHostRuntimeProvider.dll
C:\Program Files\dotnet\sdk\7.0.100\Extensions\Microsoft.VisualStudio.TestPlatform.Extensions.Html.TestLogger.dll
C:\Program Files\dotnet\sdk\7.0.100\Extensions\Microsoft.VisualStudio.TestPlatform.Extensions.Trx.TestLogger.dll
TpTrace Verbose: 0 : 20284, 1, 2023/08/19, 12:38:07.498, 483825344307, vstest.console.dll, TestPluginCache.GetExtensionPaths: Added unfilterableExtensionPaths: 
TpTrace Information: 0 : 20284, 1, 2023/08/19, 12:38:07.499, 483825354291, vstest.console.dll, AssemblyResolver.ctor: Creating AssemblyResolver with searchDirectories C:\Program Files\dotnet\sdk\7.0.100\Extensions,C:\Program Files\dotnet\sdk\7.0.100
TpTrace Verbose: 0 : 20284, 1, 2023/08/19, 12:38:07.501, 483825370327, vstest.console.dll, TestPluginCache.DiscoverTestExtensions: Discovering the extensions using extension path.
TpTrace Verbose: 0 : 20284, 1, 2023/08/19, 12:38:07.501, 483825371710, vstest.console.dll, TestPluginCache.GetExtensionPaths: Filtered extension paths: 
TpTrace Verbose: 0 : 20284, 1, 2023/08/19, 12:38:07.501, 483825372180, vstest.console.dll, TestPluginCache.GetExtensionPaths: Added default extension paths: C:\Program Files\dotnet\sdk\7.0.100\Extensions\Microsoft.Diagnostics.NETCore.Client.dll
C:\Program Files\dotnet\sdk\7.0.100\Extensions\Microsoft.TestPlatform.Extensions.BlameDataCollector.dll
C:\Program Files\dotnet\sdk\7.0.100\Extensions\Microsoft.TestPlatform.Extensions.EventLogCollector.dll
C:\Program Files\dotnet\sdk\7.0.100\Extensions\Microsoft.TestPlatform.TestHostRuntimeProvider.dll
C:\Program Files\dotnet\sdk\7.0.100\Extensions\Microsoft.VisualStudio.TestPlatform.Extensions.Html.TestLogger.dll
C:\Program Files\dotnet\sdk\7.0.100\Extensions\Microsoft.VisualStudio.TestPlatform.Extensions.Trx.TestLogger.dll
TpTrace Verbose: 0 : 20284, 1, 2023/08/19, 12:38:07.501, 483825372702, vstest.console.dll, TestPluginCache.GetExtensionPaths: Added unfilterableExtensionPaths: 
TpTrace Verbose: 0 : 20284, 1, 2023/08/19, 12:38:07.501, 483825373868, vstest.console.dll, TestPluginCache.DiscoverTestExtensions: Discovering the extensions using allExtensionPaths: C:\Program Files\dotnet\sdk\7.0.100\Extensions\Microsoft.Diagnostics.NETCore.Client.dll
C:\Program Files\dotnet\sdk\7.0.100\Extensions\Microsoft.TestPlatform.Extensions.BlameDataCollector.dll
C:\Program Files\dotnet\sdk\7.0.100\Extensions\Microsoft.TestPlatform.Extensions.EventLogCollector.dll
C:\Program Files\dotnet\sdk\7.0.100\Extensions\Microsoft.TestPlatform.TestHostRuntimeProvider.dll
C:\Program Files\dotnet\sdk\7.0.100\Extensions\Microsoft.VisualStudio.TestPlatform.Extensions.Html.TestLogger.dll
C:\Program Files\dotnet\sdk\7.0.100\Extensions\Microsoft.VisualStudio.TestPlatform.Extensions.Trx.TestLogger.dll
TpTrace Information: 0 : 20284, 1, 2023/08/19, 12:38:07.502, 483825375699, vstest.console.dll, AssemblyResolver.AddSearchDirectories: Adding more searchDirectories C:\Program Files\dotnet\sdk\7.0.100\Extensions,C:\Program Files\dotnet\sdk\7.0.100
TpTrace Information: 0 : 20284, 1, 2023/08/19, 12:38:07.502, 483825376250, vstest.console.dll, AssemblyResolver.AddSearchDirectories: Adding more searchDirectories C:\Program Files\dotnet\sdk\7.0.100\Extensions,C:\Program Files\dotnet\sdk\7.0.100
TpTrace Information: 0 : 20284, 1, 2023/08/19, 12:38:07.502, 483825376691, vstest.console.dll, AssemblyResolver.AddSearchDirectories: Adding more searchDirectories C:\Program Files\dotnet\sdk\7.0.100\Extensions,C:\Program Files\dotnet\sdk\7.0.100
TpTrace Information: 0 : 20284, 1, 2023/08/19, 12:38:07.502, 483825377004, vstest.console.dll, AssemblyResolver.AddSearchDirectories: Adding more searchDirectories C:\Program Files\dotnet\sdk\7.0.100\Extensions,C:\Program Files\dotnet\sdk\7.0.100
TpTrace Information: 0 : 20284, 1, 2023/08/19, 12:38:07.502, 483825377311, vstest.console.dll, AssemblyResolver.AddSearchDirectories: Adding more searchDirectories C:\Program Files\dotnet\sdk\7.0.100\Extensions,C:\Program Files\dotnet\sdk\7.0.100
TpTrace Information: 0 : 20284, 1, 2023/08/19, 12:38:07.502, 483825377634, vstest.console.dll, AssemblyResolver.AddSearchDirectories: Adding more searchDirectories C:\Program Files\dotnet\sdk\7.0.100\Extensions,C:\Program Files\dotnet\sdk\7.0.100
TpTrace Information: 0 : 20284, 1, 2023/08/19, 12:38:07.502, 483825382511, vstest.console.dll, AssemblyResolver.OnResolve: Microsoft.Diagnostics.NETCore.Client: Resolving assembly.
TpTrace Information: 0 : 20284, 1, 2023/08/19, 12:38:07.502, 483825383208, vstest.console.dll, AssemblyResolver.OnResolve: Microsoft.Diagnostics.NETCore.Client: Searching in: 'C:\Program Files\dotnet\sdk\7.0.100\Extensions'.
TpTrace Information: 0 : 20284, 1, 2023/08/19, 12:38:07.512, 483825477501, vstest.console.dll, AssemblyResolver.OnResolve: Microsoft.Diagnostics.NETCore.Client: Loading assembly 'C:\Program Files\dotnet\sdk\7.0.100\Extensions\Microsoft.Diagnostics.NETCore.Client.dll'.
TpTrace Information: 0 : 20284, 1, 2023/08/19, 12:38:07.513, 483825485228, vstest.console.dll, AssemblyResolver.OnResolve: Resolved assembly: Microsoft.Diagnostics.NETCore.Client, from path: C:\Program Files\dotnet\sdk\7.0.100\Extensions\Microsoft.Diagnostics.NETCore.Client.dll
TpTrace Verbose: 0 : 20284, 1, 2023/08/19, 12:38:07.514, 483825497543, vstest.console.dll, MetadataReaderExtensionsHelper: Discovering extensions inside assembly 'Microsoft.Diagnostics.NETCore.Client, Version=0.2.6.42401, Culture=neutral, PublicKeyToken=31bf3856ad364e35' file path 'C:\Program Files\dotnet\sdk\7.0.100\Extensions\Microsoft.Diagnostics.NETCore.Client.dll'
TpTrace Information: 0 : 20284, 1, 2023/08/19, 12:38:07.519, 483825552389, vstest.console.dll, AssemblyResolver.OnResolve: Microsoft.Bcl.AsyncInterfaces: Resolving assembly.
TpTrace Information: 0 : 20284, 1, 2023/08/19, 12:38:07.519, 483825553332, vstest.console.dll, AssemblyResolver.OnResolve: Microsoft.Bcl.AsyncInterfaces: Searching in: 'C:\Program Files\dotnet\sdk\7.0.100\Extensions'.
TpTrace Information: 0 : 20284, 1, 2023/08/19, 12:38:07.519, 483825554234, vstest.console.dll, AssemblyResolver.OnResolve: Microsoft.Bcl.AsyncInterfaces: Assembly path does not exist: 'C:\Program Files\dotnet\sdk\7.0.100\Extensions\Microsoft.Bcl.AsyncInterfaces.dll', returning.
TpTrace Information: 0 : 20284, 1, 2023/08/19, 12:38:07.520, 483825555450, vstest.console.dll, AssemblyResolver.OnResolve: Microsoft.Bcl.AsyncInterfaces: Assembly path does not exist: 'C:\Program Files\dotnet\sdk\7.0.100\Extensions\Microsoft.Bcl.AsyncInterfaces.exe', returning.
TpTrace Information: 0 : 20284, 1, 2023/08/19, 12:38:07.520, 483825555917, vstest.console.dll, AssemblyResolver.OnResolve: Microsoft.Bcl.AsyncInterfaces: Searching in: 'C:\Program Files\dotnet\sdk\7.0.100'.
TpTrace Information: 0 : 20284, 1, 2023/08/19, 12:38:07.520, 483825556604, vstest.console.dll, AssemblyResolver.OnResolve: Microsoft.Bcl.AsyncInterfaces: Assembly path does not exist: 'C:\Program Files\dotnet\sdk\7.0.100\Microsoft.Bcl.AsyncInterfaces.dll', returning.
TpTrace Information: 0 : 20284, 1, 2023/08/19, 12:38:07.520, 483825557358, vstest.console.dll, AssemblyResolver.OnResolve: Microsoft.Bcl.AsyncInterfaces: Assembly path does not exist: 'C:\Program Files\dotnet\sdk\7.0.100\Microsoft.Bcl.AsyncInterfaces.exe', returning.
TpTrace Information: 0 : 20284, 1, 2023/08/19, 12:38:07.520, 483825557667, vstest.console.dll, AssemblyResolver.OnResolve: Microsoft.Bcl.AsyncInterfaces: Failed to load assembly.
TpTrace Verbose: 0 : 20284, 1, 2023/08/19, 12:38:07.520, 483825558135, vstest.console.dll, CurrentDomainAssemblyResolve: Resolving assembly 'Microsoft.Bcl.AsyncInterfaces'.
TpTrace Information: 0 : 20284, 1, 2023/08/19, 12:38:07.520, 483825558705, vstest.console.dll, AssemblyResolver.OnResolve: Microsoft.Bcl.AsyncInterfaces: Resolving assembly.
TpTrace Information: 0 : 20284, 1, 2023/08/19, 12:38:07.520, 483825559089, vstest.console.dll, AssemblyResolver.OnResolve: Microsoft.Bcl.AsyncInterfaces: Resolved from cache.
TpTrace Verbose: 0 : 20284, 1, 2023/08/19, 12:38:07.520, 483825559381, vstest.console.dll, CurrentDomainAssemblyResolve: Resolving assembly 'Microsoft.Bcl.AsyncInterfaces'.
TpTrace Verbose: 0 : 20284, 1, 2023/08/19, 12:38:07.520, 483825559729, vstest.console.dll, CurrentDomainAssemblyResolve: Failed to resolve assembly 'Microsoft.Bcl.AsyncInterfaces'.
TpTrace Verbose: 0 : 20284, 1, 2023/08/19, 12:38:07.521, 483825568691, vstest.console.dll, CurrentDomainAssemblyResolve: Failed to resolve assembly 'Microsoft.Bcl.AsyncInterfaces'.
TpTrace Warning: 0 : 20284, 1, 2023/08/19, 12:38:07.529, 483825651905, vstest.console.dll, TestPluginDiscoverer: Failed to get types from assembly 'Microsoft.Diagnostics.NETCore.Client, Version=0.2.6.42401, Culture=neutral, PublicKeyToken=31bf3856ad364e35'. Error: System.Reflection.ReflectionTypeLoadException: Unable to load one or more of the requested types.
Could not load file or assembly 'Microsoft.Bcl.AsyncInterfaces, Version=1.0.0.0, Culture=neutral, PublicKeyToken=cc7b13ffcd2ddd51'. The system cannot find the file specified.
   at System.Reflection.RuntimeModule.GetTypes(RuntimeModule module)
   at System.Reflection.Assembly.GetTypes()
   at Microsoft.VisualStudio.TestPlatform.Common.ExtensionFramework.TestPluginDiscoverer.GetTestExtensionsFromAssembly[TPluginInfo,TExtension](Assembly assembly, Dictionary`2 pluginInfos, String filePath)
System.IO.FileNotFoundException: Could not load file or assembly 'Microsoft.Bcl.AsyncInterfaces, Version=1.0.0.0, Culture=neutral, PublicKeyToken=cc7b13ffcd2ddd51'. The system cannot find the file specified.
File name: 'Microsoft.Bcl.AsyncInterfaces, Version=1.0.0.0, Culture=neutral, PublicKeyToken=cc7b13ffcd2ddd51'
 ---> System.IO.FileNotFoundException: Could not load file or assembly 'Microsoft.Bcl.AsyncInterfaces, Culture=neutral, PublicKeyToken=null'. The system cannot find the file specified.
File name: 'Microsoft.Bcl.AsyncInterfaces, Culture=neutral, PublicKeyToken=null'
   at System.Reflection.RuntimeAssembly.InternalLoad(AssemblyName assemblyName, StackCrawlMark& stackMark, AssemblyLoadContext assemblyLoadContext, RuntimeAssembly requestingAssembly, Boolean throwOnFileNotFound)
   at System.Reflection.Assembly.Load(AssemblyName assemblyRef)
   at Microsoft.VisualStudio.TestPlatform.Common.ExtensionFramework.TestPluginCache.CurrentDomainAssemblyResolve(Object sender, AssemblyResolveEventArgs args)
   at System.Runtime.Loader.AssemblyLoadContext.GetFirstResolvedAssemblyFromResolvingEvent(AssemblyName assemblyName)
   at System.Runtime.Loader.AssemblyLoadContext.ResolveUsingEvent(AssemblyName assemblyName)
   at System.Runtime.Loader.AssemblyLoadContext.ResolveUsingResolvingEvent(IntPtr gchManagedAssemblyLoadContext, AssemblyName assemblyName)
TpTrace Warning: 0 : 20284, 1, 2023/08/19, 12:38:07.530, 483825656651, vstest.console.dll, LoaderExceptions: System.IO.FileNotFoundException: Could not load file or assembly 'Microsoft.Bcl.AsyncInterfaces, Version=1.0.0.0, Culture=neutral, PublicKeyToken=cc7b13ffcd2ddd51'. The system cannot find the file specified.
File name: 'Microsoft.Bcl.AsyncInterfaces, Version=1.0.0.0, Culture=neutral, PublicKeyToken=cc7b13ffcd2ddd51'
 ---> System.IO.FileNotFoundException: Could not load file or assembly 'Microsoft.Bcl.AsyncInterfaces, Culture=neutral, PublicKeyToken=null'. The system cannot find the file specified.
File name: 'Microsoft.Bcl.AsyncInterfaces, Culture=neutral, PublicKeyToken=null'
   at System.Reflection.RuntimeAssembly.InternalLoad(AssemblyName assemblyName, StackCrawlMark& stackMark, AssemblyLoadContext assemblyLoadContext, RuntimeAssembly requestingAssembly, Boolean throwOnFileNotFound)
   at System.Reflection.Assembly.Load(AssemblyName assemblyRef)
   at Microsoft.VisualStudio.TestPlatform.Common.ExtensionFramework.TestPluginCache.CurrentDomainAssemblyResolve(Object sender, AssemblyResolveEventArgs args)
   at System.Runtime.Loader.AssemblyLoadContext.GetFirstResolvedAssemblyFromResolvingEvent(AssemblyName assemblyName)
   at System.Runtime.Loader.AssemblyLoadContext.ResolveUsingEvent(AssemblyName assemblyName)
   at System.Runtime.Loader.AssemblyLoadContext.ResolveUsingResolvingEvent(IntPtr gchManagedAssemblyLoadContext, AssemblyName assemblyName)
TpTrace Information: 0 : 20284, 1, 2023/08/19, 12:38:07.530, 483825659608, vstest.console.dll, AssemblyResolver.OnResolve: Microsoft.TestPlatform.Extensions.BlameDataCollector: Resolving assembly.
TpTrace Information: 0 : 20284, 1, 2023/08/19, 12:38:07.530, 483825660741, vstest.console.dll, AssemblyResolver.OnResolve: Microsoft.TestPlatform.Extensions.BlameDataCollector: Searching in: 'C:\Program Files\dotnet\sdk\7.0.100\Extensions'.
TpTrace Information: 0 : 20284, 1, 2023/08/19, 12:38:07.531, 483825665698, vstest.console.dll, AssemblyResolver.OnResolve: Microsoft.TestPlatform.Extensions.BlameDataCollector: Loading assembly 'C:\Program Files\dotnet\sdk\7.0.100\Extensions\Microsoft.TestPlatform.Extensions.BlameDataCollector.dll'.
TpTrace Information: 0 : 20284, 1, 2023/08/19, 12:38:07.531, 483825674309, vstest.console.dll, AssemblyResolver.OnResolve: Resolved assembly: Microsoft.TestPlatform.Extensions.BlameDataCollector, from path: C:\Program Files\dotnet\sdk\7.0.100\Extensions\Microsoft.TestPlatform.Extensions.BlameDataCollector.dll
TpTrace Verbose: 0 : 20284, 1, 2023/08/19, 12:38:07.532, 483825675285, vstest.console.dll, MetadataReaderExtensionsHelper: Discovering extensions inside assembly 'Microsoft.TestPlatform.Extensions.BlameDataCollector, Version=15.0.0.0, Culture=neutral, PublicKeyToken=b03f5f7f11d50a3a' file path 'C:\Program Files\dotnet\sdk\7.0.100\Extensions\Microsoft.TestPlatform.Extensions.BlameDataCollector.dll'
TpTrace Information: 0 : 20284, 1, 2023/08/19, 12:38:07.533, 483825691980, vstest.console.dll, AssemblyResolver.OnResolve: Microsoft.TestPlatform.Extensions.EventLogCollector: Resolving assembly.
TpTrace Information: 0 : 20284, 1, 2023/08/19, 12:38:07.533, 483825692560, vstest.console.dll, AssemblyResolver.OnResolve: Microsoft.TestPlatform.Extensions.EventLogCollector: Searching in: 'C:\Program Files\dotnet\sdk\7.0.100\Extensions'.
TpTrace Information: 0 : 20284, 1, 2023/08/19, 12:38:07.534, 483825695007, vstest.console.dll, AssemblyResolver.OnResolve: Microsoft.TestPlatform.Extensions.EventLogCollector: Loading assembly 'C:\Program Files\dotnet\sdk\7.0.100\Extensions\Microsoft.TestPlatform.Extensions.EventLogCollector.dll'.
TpTrace Information: 0 : 20284, 1, 2023/08/19, 12:38:07.534, 483825700890, vstest.console.dll, AssemblyResolver.OnResolve: Resolved assembly: Microsoft.TestPlatform.Extensions.EventLogCollector, from path: C:\Program Files\dotnet\sdk\7.0.100\Extensions\Microsoft.TestPlatform.Extensions.EventLogCollector.dll
TpTrace Verbose: 0 : 20284, 1, 2023/08/19, 12:38:07.534, 483825701605, vstest.console.dll, MetadataReaderExtensionsHelper: Discovering extensions inside assembly 'Microsoft.TestPlatform.Extensions.EventLogCollector, Version=15.0.0.0, Culture=neutral, PublicKeyToken=b03f5f7f11d50a3a' file path 'C:\Program Files\dotnet\sdk\7.0.100\Extensions\Microsoft.TestPlatform.Extensions.EventLogCollector.dll'
TpTrace Information: 0 : 20284, 1, 2023/08/19, 12:38:07.536, 483825724080, vstest.console.dll, AssemblyResolver.OnResolve: Microsoft.TestPlatform.TestHostRuntimeProvider: Resolving assembly.
TpTrace Information: 0 : 20284, 1, 2023/08/19, 12:38:07.537, 483825724786, vstest.console.dll, AssemblyResolver.OnResolve: Microsoft.TestPlatform.TestHostRuntimeProvider: Searching in: 'C:\Program Files\dotnet\sdk\7.0.100\Extensions'.
TpTrace Information: 0 : 20284, 1, 2023/08/19, 12:38:07.537, 483825727218, vstest.console.dll, AssemblyResolver.OnResolve: Microsoft.TestPlatform.TestHostRuntimeProvider: Loading assembly 'C:\Program Files\dotnet\sdk\7.0.100\Extensions\Microsoft.TestPlatform.TestHostRuntimeProvider.dll'.
TpTrace Information: 0 : 20284, 1, 2023/08/19, 12:38:07.537, 483825733016, vstest.console.dll, AssemblyResolver.OnResolve: Resolved assembly: Microsoft.TestPlatform.TestHostRuntimeProvider, from path: C:\Program Files\dotnet\sdk\7.0.100\Extensions\Microsoft.TestPlatform.TestHostRuntimeProvider.dll
TpTrace Verbose: 0 : 20284, 1, 2023/08/19, 12:38:07.537, 483825733664, vstest.console.dll, MetadataReaderExtensionsHelper: Discovering extensions inside assembly 'Microsoft.TestPlatform.TestHostRuntimeProvider, Version=15.0.0.0, Culture=neutral, PublicKeyToken=b03f5f7f11d50a3a' file path 'C:\Program Files\dotnet\sdk\7.0.100\Extensions\Microsoft.TestPlatform.TestHostRuntimeProvider.dll'
TpTrace Information: 0 : 20284, 1, 2023/08/19, 12:38:07.539, 483825751682, vstest.console.dll, GetTestExtensionFromType: Register extension with identifier data 'HostProvider://DefaultTestHost' and type 'Microsoft.VisualStudio.TestPlatform.CrossPlatEngine.Hosting.DefaultTestHostManager, Microsoft.TestPlatform.TestHostRuntimeProvider, Version=15.0.0.0, Culture=neutral, PublicKeyToken=b03f5f7f11d50a3a' inside file 'C:\Program Files\dotnet\sdk\7.0.100\Extensions\Microsoft.TestPlatform.TestHostRuntimeProvider.dll'
TpTrace Information: 0 : 20284, 1, 2023/08/19, 12:38:07.540, 483825755335, vstest.console.dll, GetTestExtensionFromType: Register extension with identifier data 'HostProvider://DotnetTestHost' and type 'Microsoft.VisualStudio.TestPlatform.CrossPlatEngine.Hosting.DotnetTestHostManager, Microsoft.TestPlatform.TestHostRuntimeProvider, Version=15.0.0.0, Culture=neutral, PublicKeyToken=b03f5f7f11d50a3a' inside file 'C:\Program Files\dotnet\sdk\7.0.100\Extensions\Microsoft.TestPlatform.TestHostRuntimeProvider.dll'
TpTrace Information: 0 : 20284, 1, 2023/08/19, 12:38:07.540, 483825756465, vstest.console.dll, AssemblyResolver.OnResolve: Microsoft.VisualStudio.TestPlatform.Extensions.Html.TestLogger: Resolving assembly.
TpTrace Information: 0 : 20284, 1, 2023/08/19, 12:38:07.540, 483825756946, vstest.console.dll, AssemblyResolver.OnResolve: Microsoft.VisualStudio.TestPlatform.Extensions.Html.TestLogger: Searching in: 'C:\Program Files\dotnet\sdk\7.0.100\Extensions'.
TpTrace Information: 0 : 20284, 1, 2023/08/19, 12:38:07.540, 483825761016, vstest.console.dll, AssemblyResolver.OnResolve: Microsoft.VisualStudio.TestPlatform.Extensions.Html.TestLogger: Loading assembly 'C:\Program Files\dotnet\sdk\7.0.100\Extensions\Microsoft.VisualStudio.TestPlatform.Extensions.Html.TestLogger.dll'.
TpTrace Information: 0 : 20284, 1, 2023/08/19, 12:38:07.541, 483825766697, vstest.console.dll, AssemblyResolver.OnResolve: Resolved assembly: Microsoft.VisualStudio.TestPlatform.Extensions.Html.TestLogger, from path: C:\Program Files\dotnet\sdk\7.0.100\Extensions\Microsoft.VisualStudio.TestPlatform.Extensions.Html.TestLogger.dll
TpTrace Verbose: 0 : 20284, 1, 2023/08/19, 12:38:07.541, 483825767375, vstest.console.dll, MetadataReaderExtensionsHelper: Discovering extensions inside assembly 'Microsoft.VisualStudio.TestPlatform.Extensions.Html.TestLogger, Version=15.0.0.0, Culture=neutral, PublicKeyToken=b03f5f7f11d50a3a' file path 'C:\Program Files\dotnet\sdk\7.0.100\Extensions\Microsoft.VisualStudio.TestPlatform.Extensions.Html.TestLogger.dll'
TpTrace Information: 0 : 20284, 1, 2023/08/19, 12:38:07.541, 483825773834, vstest.console.dll, AssemblyResolver.OnResolve: Microsoft.VisualStudio.TestPlatform.Extensions.Trx.TestLogger: Resolving assembly.
TpTrace Information: 0 : 20284, 1, 2023/08/19, 12:38:07.541, 483825774358, vstest.console.dll, AssemblyResolver.OnResolve: Microsoft.VisualStudio.TestPlatform.Extensions.Trx.TestLogger: Searching in: 'C:\Program Files\dotnet\sdk\7.0.100\Extensions'.
TpTrace Information: 0 : 20284, 1, 2023/08/19, 12:38:07.542, 483825776768, vstest.console.dll, AssemblyResolver.OnResolve: Microsoft.VisualStudio.TestPlatform.Extensions.Trx.TestLogger: Loading assembly 'C:\Program Files\dotnet\sdk\7.0.100\Extensions\Microsoft.VisualStudio.TestPlatform.Extensions.Trx.TestLogger.dll'.
TpTrace Information: 0 : 20284, 1, 2023/08/19, 12:38:07.542, 483825782960, vstest.console.dll, AssemblyResolver.OnResolve: Resolved assembly: Microsoft.VisualStudio.TestPlatform.Extensions.Trx.TestLogger, from path: C:\Program Files\dotnet\sdk\7.0.100\Extensions\Microsoft.VisualStudio.TestPlatform.Extensions.Trx.TestLogger.dll
TpTrace Verbose: 0 : 20284, 1, 2023/08/19, 12:38:07.542, 483825783646, vstest.console.dll, MetadataReaderExtensionsHelper: Discovering extensions inside assembly 'Microsoft.VisualStudio.TestPlatform.Extensions.Trx.TestLogger, Version=15.0.0.0, Culture=neutral, PublicKeyToken=b03f5f7f11d50a3a' file path 'C:\Program Files\dotnet\sdk\7.0.100\Extensions\Microsoft.VisualStudio.TestPlatform.Extensions.Trx.TestLogger.dll'
TpTrace Verbose: 0 : 20284, 1, 2023/08/19, 12:38:07.543, 483825793345, vstest.console.dll, TestPluginCache: Discovered the extensions using extension path ''.
TpTrace Verbose: 0 : 20284, 1, 2023/08/19, 12:38:07.543, 483825794018, vstest.console.dll, TestPluginCache: Discoverers are ''.
TpTrace Verbose: 0 : 20284, 1, 2023/08/19, 12:38:07.543, 483825794319, vstest.console.dll, TestPluginCache: Executors are ''.
TpTrace Verbose: 0 : 20284, 1, 2023/08/19, 12:38:07.544, 483825794629, vstest.console.dll, TestPluginCache: Executors2 are ''.
TpTrace Verbose: 0 : 20284, 1, 2023/08/19, 12:38:07.544, 483825794908, vstest.console.dll, TestPluginCache: Setting providers are ''.
TpTrace Verbose: 0 : 20284, 1, 2023/08/19, 12:38:07.544, 483825795171, vstest.console.dll, TestPluginCache: Loggers are ''.
TpTrace Verbose: 0 : 20284, 1, 2023/08/19, 12:38:07.544, 483825796277, vstest.console.dll, TestPluginCache: TestHosts are 'HostProvider://DefaultTestHost,HostProvider://DotnetTestHost'.
TpTrace Verbose: 0 : 20284, 1, 2023/08/19, 12:38:07.544, 483825796700, vstest.console.dll, TestPluginCache: DataCollectors are ''.
TpTrace Information: 0 : 20284, 1, 2023/08/19, 12:38:07.557, 483825925049, vstest.console.dll, RunTestsArgumentProcessor:Execute: Test run is starting.
TpTrace Verbose: 0 : 20284, 1, 2023/08/19, 12:38:07.557, 483825926240, vstest.console.dll, RunTestsArgumentProcessor:Execute: Queuing Test run.
TpTrace Information: 0 : 20284, 1, 2023/08/19, 12:38:07.557, 483825929039, vstest.console.dll, TestRequestManager.RunTests: run tests started.
TpTrace Information: 0 : 20284, 1, 2023/08/19, 12:38:07.559, 483825946209, vstest.console.dll, AssemblyMetadataProvider.GetFrameworkName: Determined framework:'.NETCoreApp,Version=v3.1' for source: 'C:\Users\Shakhriyor_Toylokov\source\repos\UnitTesting\FizzBuzzTests\bin\Debug\netcoreapp3.1\fine-code-coverage\build-output\FizzBuzzTests.dll'
TpTrace Information: 0 : 20284, 1, 2023/08/19, 12:38:07.559, 483825948591, vstest.console.dll, Determined framework for all sources: .NETCoreApp,Version=v3.1
TpTrace Verbose: 0 : 20284, 1, 2023/08/19, 12:38:07.559, 483825954399, vstest.console.dll, TestRequestManager.UpdateRunSettingsIfRequired: Default architecture: X64 IsDefaultTargetArchitecture: True, Current process architecture: X64 OperatingSystem: Windows.
TpTrace Information: 0 : 20284, 1, 2023/08/19, 12:38:07.562, 483825983659, vstest.console.dll, AssemblyMetadataProvider.GetArchitecture: Determined architecture:AnyCPU info for assembly: C:\Users\Shakhriyor_Toylokov\source\repos\UnitTesting\FizzBuzzTests\bin\Debug\netcoreapp3.1\fine-code-coverage\build-output\FizzBuzzTests.dll
TpTrace Information: 0 : 20284, 1, 2023/08/19, 12:38:07.563, 483825984622, vstest.console.dll, Determined platform for source 'C:\Users\Shakhriyor_Toylokov\source\repos\UnitTesting\FizzBuzzTests\bin\Debug\netcoreapp3.1\fine-code-coverage\build-output\FizzBuzzTests.dll' was AnyCPU and it will use the default plaform X64.
TpTrace Information: 0 : 20284, 1, 2023/08/19, 12:38:07.563, 483825985127, vstest.console.dll, None of the sources provided any runnable platform, using the default platform: X64
TpTrace Information: 0 : 20284, 1, 2023/08/19, 12:38:07.563, 483825987256, vstest.console.dll, Platform was updated to 'X64'.
TpTrace Information: 0 : 20284, 1, 2023/08/19, 12:38:07.568, 483826038744, vstest.console.dll, InferRunSettingsHelper.IsTestSettingsEnabled: Unable to navigate to RunSettings/MSTest. Current node: RunSettings
TpTrace Information: 0 : 20284, 1, 2023/08/19, 12:38:07.569, 483826052183, vstest.console.dll, AssemblyResolver.OnResolve: Microsoft.VisualStudio.TestPlatform.Fakes: Resolving assembly.
TpTrace Information: 0 : 20284, 1, 2023/08/19, 12:38:07.569, 483826053182, vstest.console.dll, AssemblyResolver.OnResolve: Microsoft.VisualStudio.TestPlatform.Fakes: Searching in: 'C:\Program Files\dotnet\sdk\7.0.100\Extensions'.
TpTrace Information: 0 : 20284, 1, 2023/08/19, 12:38:07.570, 483826054730, vstest.console.dll, AssemblyResolver.OnResolve: Microsoft.VisualStudio.TestPlatform.Fakes: Assembly path does not exist: 'C:\Program Files\dotnet\sdk\7.0.100\Extensions\Microsoft.VisualStudio.TestPlatform.Fakes.dll', returning.
TpTrace Information: 0 : 20284, 1, 2023/08/19, 12:38:07.570, 483826055805, vstest.console.dll, AssemblyResolver.OnResolve: Microsoft.VisualStudio.TestPlatform.Fakes: Assembly path does not exist: 'C:\Program Files\dotnet\sdk\7.0.100\Extensions\Microsoft.VisualStudio.TestPlatform.Fakes.exe', returning.
TpTrace Information: 0 : 20284, 1, 2023/08/19, 12:38:07.570, 483826056336, vstest.console.dll, AssemblyResolver.OnResolve: Microsoft.VisualStudio.TestPlatform.Fakes: Searching in: 'C:\Program Files\dotnet\sdk\7.0.100'.
TpTrace Information: 0 : 20284, 1, 2023/08/19, 12:38:07.570, 483826057303, vstest.console.dll, AssemblyResolver.OnResolve: Microsoft.VisualStudio.TestPlatform.Fakes: Assembly path does not exist: 'C:\Program Files\dotnet\sdk\7.0.100\Microsoft.VisualStudio.TestPlatform.Fakes.dll', returning.
TpTrace Information: 0 : 20284, 1, 2023/08/19, 12:38:07.570, 483826058242, vstest.console.dll, AssemblyResolver.OnResolve: Microsoft.VisualStudio.TestPlatform.Fakes: Assembly path does not exist: 'C:\Program Files\dotnet\sdk\7.0.100\Microsoft.VisualStudio.TestPlatform.Fakes.exe', returning.
TpTrace Information: 0 : 20284, 1, 2023/08/19, 12:38:07.570, 483826058791, vstest.console.dll, AssemblyResolver.OnResolve: Microsoft.VisualStudio.TestPlatform.Fakes: Failed to load assembly.
TpTrace Information: 0 : 20284, 1, 2023/08/19, 12:38:07.570, 483826063513, vstest.console.dll, Failed to load assembly Microsoft.VisualStudio.TestPlatform.Fakes, Version=17.0.0.0, Culture=neutral. Reason:System.IO.FileNotFoundException: Could not load file or assembly 'Microsoft.VisualStudio.TestPlatform.Fakes, Version=17.0.0.0, Culture=neutral, PublicKeyToken=null'. The system cannot find the file specified.
File name: 'Microsoft.VisualStudio.TestPlatform.Fakes, Version=17.0.0.0, Culture=neutral, PublicKeyToken=null'
   at System.Reflection.RuntimeAssembly.InternalLoad(AssemblyName assemblyName, StackCrawlMark& stackMark, AssemblyLoadContext assemblyLoadContext, RuntimeAssembly requestingAssembly, Boolean throwOnFileNotFound)
   at System.Reflection.Assembly.Load(AssemblyName assemblyRef)
   at Microsoft.VisualStudio.TestPlatform.Common.Utilities.FakesUtilities.LoadTestPlatformAssembly()
TpTrace Verbose: 0 : 20284, 1, 2023/08/19, 12:38:07.575, 483826108783, vstest.console.dll, TestPluginCache.DiscoverTestExtensions: finding test extensions in assemblies ends with: TestLogger.dll TPluginInfo: Microsoft.VisualStudio.TestPlatform.Common.ExtensionFramework.Utilities.TestLoggerPluginInformation TExtension: Microsoft.VisualStudio.TestPlatform.ObjectModel.Client.ITestLogger
TpTrace Verbose: 0 : 20284, 1, 2023/08/19, 12:38:07.575, 483826109694, vstest.console.dll, TestPluginCache.GetExtensionPaths: Filtered extension paths: 
TpTrace Verbose: 0 : 20284, 1, 2023/08/19, 12:38:07.575, 483826110103, vstest.console.dll, TestPluginCache.GetExtensionPaths: Added default extension paths: C:\Program Files\dotnet\sdk\7.0.100\Extensions\Microsoft.Diagnostics.NETCore.Client.dll
C:\Program Files\dotnet\sdk\7.0.100\Extensions\Microsoft.TestPlatform.Extensions.BlameDataCollector.dll
C:\Program Files\dotnet\sdk\7.0.100\Extensions\Microsoft.TestPlatform.Extensions.EventLogCollector.dll
C:\Program Files\dotnet\sdk\7.0.100\Extensions\Microsoft.TestPlatform.TestHostRuntimeProvider.dll
C:\Program Files\dotnet\sdk\7.0.100\Extensions\Microsoft.VisualStudio.TestPlatform.Extensions.Html.TestLogger.dll
C:\Program Files\dotnet\sdk\7.0.100\Extensions\Microsoft.VisualStudio.TestPlatform.Extensions.Trx.TestLogger.dll
TpTrace Verbose: 0 : 20284, 1, 2023/08/19, 12:38:07.575, 483826110510, vstest.console.dll, TestPluginCache.GetExtensionPaths: Added unfilterableExtensionPaths: 
TpTrace Information: 0 : 20284, 1, 2023/08/19, 12:38:07.575, 483826111866, vstest.console.dll, AssemblyResolver.AddSearchDirectories: Adding more searchDirectories C:\Program Files\dotnet\sdk\7.0.100\Extensions,C:\Program Files\dotnet\sdk\7.0.100
TpTrace Verbose: 0 : 20284, 1, 2023/08/19, 12:38:07.575, 483826112326, vstest.console.dll, TestPluginCache.DiscoverTestExtensions: Discovering the extensions using extension path.
TpTrace Verbose: 0 : 20284, 1, 2023/08/19, 12:38:07.575, 483826112668, vstest.console.dll, TestPluginCache.GetExtensionPaths: Filtered extension paths: 
TpTrace Verbose: 0 : 20284, 1, 2023/08/19, 12:38:07.575, 483826113011, vstest.console.dll, TestPluginCache.GetExtensionPaths: Added default extension paths: C:\Program Files\dotnet\sdk\7.0.100\Extensions\Microsoft.Diagnostics.NETCore.Client.dll
C:\Program Files\dotnet\sdk\7.0.100\Extensions\Microsoft.TestPlatform.Extensions.BlameDataCollector.dll
C:\Program Files\dotnet\sdk\7.0.100\Extensions\Microsoft.TestPlatform.Extensions.EventLogCollector.dll
C:\Program Files\dotnet\sdk\7.0.100\Extensions\Microsoft.TestPlatform.TestHostRuntimeProvider.dll
C:\Program Files\dotnet\sdk\7.0.100\Extensions\Microsoft.VisualStudio.TestPlatform.Extensions.Html.TestLogger.dll
C:\Program Files\dotnet\sdk\7.0.100\Extensions\Microsoft.VisualStudio.TestPlatform.Extensions.Trx.TestLogger.dll
TpTrace Verbose: 0 : 20284, 1, 2023/08/19, 12:38:07.575, 483826113322, vstest.console.dll, TestPluginCache.GetExtensionPaths: Added unfilterableExtensionPaths: 
TpTrace Verbose: 0 : 20284, 1, 2023/08/19, 12:38:07.575, 483826113675, vstest.console.dll, TestPluginCache.DiscoverTestExtensions: Discovering the extensions using allExtensionPaths: C:\Program Files\dotnet\sdk\7.0.100\Extensions\Microsoft.Diagnostics.NETCore.Client.dll
C:\Program Files\dotnet\sdk\7.0.100\Extensions\Microsoft.TestPlatform.Extensions.BlameDataCollector.dll
C:\Program Files\dotnet\sdk\7.0.100\Extensions\Microsoft.TestPlatform.Extensions.EventLogCollector.dll
C:\Program Files\dotnet\sdk\7.0.100\Extensions\Microsoft.TestPlatform.TestHostRuntimeProvider.dll
C:\Program Files\dotnet\sdk\7.0.100\Extensions\Microsoft.VisualStudio.TestPlatform.Extensions.Html.TestLogger.dll
C:\Program Files\dotnet\sdk\7.0.100\Extensions\Microsoft.VisualStudio.TestPlatform.Extensions.Trx.TestLogger.dll
TpTrace Information: 0 : 20284, 1, 2023/08/19, 12:38:07.576, 483826114687, vstest.console.dll, AssemblyResolver.AddSearchDirectories: Adding more searchDirectories C:\Program Files\dotnet\sdk\7.0.100\Extensions,C:\Program Files\dotnet\sdk\7.0.100
TpTrace Information: 0 : 20284, 1, 2023/08/19, 12:38:07.576, 483826115202, vstest.console.dll, AssemblyResolver.AddSearchDirectories: Adding more searchDirectories C:\Program Files\dotnet\sdk\7.0.100\Extensions,C:\Program Files\dotnet\sdk\7.0.100
TpTrace Information: 0 : 20284, 1, 2023/08/19, 12:38:07.576, 483826115492, vstest.console.dll, AssemblyResolver.AddSearchDirectories: Adding more searchDirectories C:\Program Files\dotnet\sdk\7.0.100\Extensions,C:\Program Files\dotnet\sdk\7.0.100
TpTrace Information: 0 : 20284, 1, 2023/08/19, 12:38:07.576, 483826115775, vstest.console.dll, AssemblyResolver.AddSearchDirectories: Adding more searchDirectories C:\Program Files\dotnet\sdk\7.0.100\Extensions,C:\Program Files\dotnet\sdk\7.0.100
TpTrace Information: 0 : 20284, 1, 2023/08/19, 12:38:07.576, 483826116105, vstest.console.dll, AssemblyResolver.AddSearchDirectories: Adding more searchDirectories C:\Program Files\dotnet\sdk\7.0.100\Extensions,C:\Program Files\dotnet\sdk\7.0.100
TpTrace Information: 0 : 20284, 1, 2023/08/19, 12:38:07.576, 483826116392, vstest.console.dll, AssemblyResolver.AddSearchDirectories: Adding more searchDirectories C:\Program Files\dotnet\sdk\7.0.100\Extensions,C:\Program Files\dotnet\sdk\7.0.100
TpTrace Verbose: 0 : 20284, 1, 2023/08/19, 12:38:07.576, 483826117370, vstest.console.dll, MetadataReaderExtensionsHelper: Discovering extensions inside assembly 'Microsoft.Diagnostics.NETCore.Client, Version=0.2.6.42401, Culture=neutral, PublicKeyToken=31bf3856ad364e35' file path 'C:\Program Files\dotnet\sdk\7.0.100\Extensions\Microsoft.Diagnostics.NETCore.Client.dll'
TpTrace Information: 0 : 20284, 1, 2023/08/19, 12:38:07.577, 483826126673, vstest.console.dll, AssemblyResolver.OnResolve: Microsoft.Bcl.AsyncInterfaces: Resolving assembly.
TpTrace Information: 0 : 20284, 1, 2023/08/19, 12:38:07.577, 483826127364, vstest.console.dll, AssemblyResolver.OnResolve: Microsoft.Bcl.AsyncInterfaces: Resolved from cache.
TpTrace Verbose: 0 : 20284, 1, 2023/08/19, 12:38:07.577, 483826127760, vstest.console.dll, CurrentDomainAssemblyResolve: Resolving assembly 'Microsoft.Bcl.AsyncInterfaces'.
TpTrace Information: 0 : 20284, 1, 2023/08/19, 12:38:07.577, 483826128696, vstest.console.dll, AssemblyResolver.OnResolve: Microsoft.Bcl.AsyncInterfaces: Resolving assembly.
TpTrace Information: 0 : 20284, 1, 2023/08/19, 12:38:07.577, 483826129312, vstest.console.dll, AssemblyResolver.OnResolve: Microsoft.Bcl.AsyncInterfaces: Resolved from cache.
TpTrace Verbose: 0 : 20284, 1, 2023/08/19, 12:38:07.577, 483826129902, vstest.console.dll, CurrentDomainAssemblyResolve: Resolving assembly 'Microsoft.Bcl.AsyncInterfaces'.
TpTrace Verbose: 0 : 20284, 1, 2023/08/19, 12:38:07.577, 483826130301, vstest.console.dll, CurrentDomainAssemblyResolve: Failed to resolve assembly 'Microsoft.Bcl.AsyncInterfaces'.
TpTrace Verbose: 0 : 20284, 1, 2023/08/19, 12:38:07.577, 483826132039, vstest.console.dll, CurrentDomainAssemblyResolve: Failed to resolve assembly 'Microsoft.Bcl.AsyncInterfaces'.
TpTrace Warning: 0 : 20284, 1, 2023/08/19, 12:38:07.578, 483826135675, vstest.console.dll, TestPluginDiscoverer: Failed to get types from assembly 'Microsoft.Diagnostics.NETCore.Client, Version=0.2.6.42401, Culture=neutral, PublicKeyToken=31bf3856ad364e35'. Error: System.Reflection.ReflectionTypeLoadException: Unable to load one or more of the requested types.
Could not load file or assembly 'Microsoft.Bcl.AsyncInterfaces, Version=1.0.0.0, Culture=neutral, PublicKeyToken=cc7b13ffcd2ddd51'. The system cannot find the file specified.
   at System.Reflection.RuntimeModule.GetTypes(RuntimeModule module)
   at System.Reflection.Assembly.GetTypes()
   at Microsoft.VisualStudio.TestPlatform.Common.ExtensionFramework.TestPluginDiscoverer.GetTestExtensionsFromAssembly[TPluginInfo,TExtension](Assembly assembly, Dictionary`2 pluginInfos, String filePath)
System.IO.FileNotFoundException: Could not load file or assembly 'Microsoft.Bcl.AsyncInterfaces, Version=1.0.0.0, Culture=neutral, PublicKeyToken=cc7b13ffcd2ddd51'. The system cannot find the file specified.
File name: 'Microsoft.Bcl.AsyncInterfaces, Version=1.0.0.0, Culture=neutral, PublicKeyToken=cc7b13ffcd2ddd51'
 ---> System.IO.FileNotFoundException: Could not load file or assembly 'Microsoft.Bcl.AsyncInterfaces, Culture=neutral, PublicKeyToken=null'. The system cannot find the file specified.
File name: 'Microsoft.Bcl.AsyncInterfaces, Culture=neutral, PublicKeyToken=null'
   at System.Reflection.RuntimeAssembly.InternalLoad(AssemblyName assemblyName, StackCrawlMark& stackMark, AssemblyLoadContext assemblyLoadContext, RuntimeAssembly requestingAssembly, Boolean throwOnFileNotFound)
   at System.Reflection.Assembly.Load(AssemblyName assemblyRef)
   at Microsoft.VisualStudio.TestPlatform.Common.ExtensionFramework.TestPluginCache.CurrentDomainAssemblyResolve(Object sender, AssemblyResolveEventArgs args)
   at System.Runtime.Loader.AssemblyLoadContext.GetFirstResolvedAssemblyFromResolvingEvent(AssemblyName assemblyName)
   at System.Runtime.Loader.AssemblyLoadContext.ResolveUsingEvent(AssemblyName assemblyName)
   at System.Runtime.Loader.AssemblyLoadContext.ResolveUsingResolvingEvent(IntPtr gchManagedAssemblyLoadContext, AssemblyName assemblyName)
TpTrace Warning: 0 : 20284, 1, 2023/08/19, 12:38:07.578, 483826137231, vstest.console.dll, LoaderExceptions: System.IO.FileNotFoundException: Could not load file or assembly 'Microsoft.Bcl.AsyncInterfaces, Version=1.0.0.0, Culture=neutral, PublicKeyToken=cc7b13ffcd2ddd51'. The system cannot find the file specified.
File name: 'Microsoft.Bcl.AsyncInterfaces, Version=1.0.0.0, Culture=neutral, PublicKeyToken=cc7b13ffcd2ddd51'
 ---> System.IO.FileNotFoundException: Could not load file or assembly 'Microsoft.Bcl.AsyncInterfaces, Culture=neutral, PublicKeyToken=null'. The system cannot find the file specified.
File name: 'Microsoft.Bcl.AsyncInterfaces, Culture=neutral, PublicKeyToken=null'
   at System.Reflection.RuntimeAssembly.InternalLoad(AssemblyName assemblyName, StackCrawlMark& stackMark, AssemblyLoadContext assemblyLoadContext, RuntimeAssembly requestingAssembly, Boolean throwOnFileNotFound)
   at System.Reflection.Assembly.Load(AssemblyName assemblyRef)
   at Microsoft.VisualStudio.TestPlatform.Common.ExtensionFramework.TestPluginCache.CurrentDomainAssemblyResolve(Object sender, AssemblyResolveEventArgs args)
   at System.Runtime.Loader.AssemblyLoadContext.GetFirstResolvedAssemblyFromResolvingEvent(AssemblyName assemblyName)
   at System.Runtime.Loader.AssemblyLoadContext.ResolveUsingEvent(AssemblyName assemblyName)
   at System.Runtime.Loader.AssemblyLoadContext.ResolveUsingResolvingEvent(IntPtr gchManagedAssemblyLoadContext, AssemblyName assemblyName)
TpTrace Verbose: 0 : 20284, 1, 2023/08/19, 12:38:07.578, 483826138136, vstest.console.dll, MetadataReaderExtensionsHelper: Discovering extensions inside assembly 'Microsoft.TestPlatform.Extensions.BlameDataCollector, Version=15.0.0.0, Culture=neutral, PublicKeyToken=b03f5f7f11d50a3a' file path 'C:\Program Files\dotnet\sdk\7.0.100\Extensions\Microsoft.TestPlatform.Extensions.BlameDataCollector.dll'
TpTrace Information: 0 : 20284, 1, 2023/08/19, 12:38:07.578, 483826142352, vstest.console.dll, GetTestExtensionFromType: Register extension with identifier data 'logger://Microsoft/TestPlatform/Extensions/Blame/v1' and type 'Microsoft.TestPlatform.Extensions.BlameDataCollector.BlameLogger, Microsoft.TestPlatform.Extensions.BlameDataCollector, Version=15.0.0.0, Culture=neutral, PublicKeyToken=b03f5f7f11d50a3a' inside file 'C:\Program Files\dotnet\sdk\7.0.100\Extensions\Microsoft.TestPlatform.Extensions.BlameDataCollector.dll'
TpTrace Verbose: 0 : 20284, 1, 2023/08/19, 12:38:07.578, 483826142991, vstest.console.dll, MetadataReaderExtensionsHelper: Discovering extensions inside assembly 'Microsoft.TestPlatform.Extensions.EventLogCollector, Version=15.0.0.0, Culture=neutral, PublicKeyToken=b03f5f7f11d50a3a' file path 'C:\Program Files\dotnet\sdk\7.0.100\Extensions\Microsoft.TestPlatform.Extensions.EventLogCollector.dll'
TpTrace Verbose: 0 : 20284, 1, 2023/08/19, 12:38:07.579, 483826145522, vstest.console.dll, MetadataReaderExtensionsHelper: Discovering extensions inside assembly 'Microsoft.TestPlatform.TestHostRuntimeProvider, Version=15.0.0.0, Culture=neutral, PublicKeyToken=b03f5f7f11d50a3a' file path 'C:\Program Files\dotnet\sdk\7.0.100\Extensions\Microsoft.TestPlatform.TestHostRuntimeProvider.dll'
TpTrace Verbose: 0 : 20284, 1, 2023/08/19, 12:38:07.579, 483826148133, vstest.console.dll, MetadataReaderExtensionsHelper: Discovering extensions inside assembly 'Microsoft.VisualStudio.TestPlatform.Extensions.Html.TestLogger, Version=15.0.0.0, Culture=neutral, PublicKeyToken=b03f5f7f11d50a3a' file path 'C:\Program Files\dotnet\sdk\7.0.100\Extensions\Microsoft.VisualStudio.TestPlatform.Extensions.Html.TestLogger.dll'
TpTrace Information: 0 : 20284, 1, 2023/08/19, 12:38:07.579, 483826152132, vstest.console.dll, GetTestExtensionFromType: Register extension with identifier data 'logger://Microsoft/TestPlatform/HtmlLogger/v1' and type 'Microsoft.VisualStudio.TestPlatform.Extensions.HtmlLogger.HtmlLogger, Microsoft.VisualStudio.TestPlatform.Extensions.Html.TestLogger, Version=15.0.0.0, Culture=neutral, PublicKeyToken=b03f5f7f11d50a3a' inside file 'C:\Program Files\dotnet\sdk\7.0.100\Extensions\Microsoft.VisualStudio.TestPlatform.Extensions.Html.TestLogger.dll'
TpTrace Verbose: 0 : 20284, 1, 2023/08/19, 12:38:07.579, 483826152733, vstest.console.dll, MetadataReaderExtensionsHelper: Discovering extensions inside assembly 'Microsoft.VisualStudio.TestPlatform.Extensions.Trx.TestLogger, Version=15.0.0.0, Culture=neutral, PublicKeyToken=b03f5f7f11d50a3a' file path 'C:\Program Files\dotnet\sdk\7.0.100\Extensions\Microsoft.VisualStudio.TestPlatform.Extensions.Trx.TestLogger.dll'
TpTrace Information: 0 : 20284, 1, 2023/08/19, 12:38:07.580, 483826155595, vstest.console.dll, GetTestExtensionFromType: Register extension with identifier data 'logger://Microsoft/TestPlatform/TrxLogger/v1' and type 'Microsoft.VisualStudio.TestPlatform.Extensions.TrxLogger.TrxLogger, Microsoft.VisualStudio.TestPlatform.Extensions.Trx.TestLogger, Version=15.0.0.0, Culture=neutral, PublicKeyToken=b03f5f7f11d50a3a' inside file 'C:\Program Files\dotnet\sdk\7.0.100\Extensions\Microsoft.VisualStudio.TestPlatform.Extensions.Trx.TestLogger.dll'
TpTrace Verbose: 0 : 20284, 1, 2023/08/19, 12:38:07.580, 483826156435, vstest.console.dll, TestPluginCache: Discovered the extensions using extension path ''.
TpTrace Verbose: 0 : 20284, 1, 2023/08/19, 12:38:07.580, 483826156794, vstest.console.dll, TestPluginCache: Discoverers are ''.
TpTrace Verbose: 0 : 20284, 1, 2023/08/19, 12:38:07.580, 483826157069, vstest.console.dll, TestPluginCache: Executors are ''.
TpTrace Verbose: 0 : 20284, 1, 2023/08/19, 12:38:07.580, 483826157360, vstest.console.dll, TestPluginCache: Executors2 are ''.
TpTrace Verbose: 0 : 20284, 1, 2023/08/19, 12:38:07.580, 483826157612, vstest.console.dll, TestPluginCache: Setting providers are ''.
TpTrace Verbose: 0 : 20284, 1, 2023/08/19, 12:38:07.580, 483826158229, vstest.console.dll, TestPluginCache: Loggers are 'logger://Microsoft/TestPlatform/Extensions/Blame/v1,logger://Microsoft/TestPlatform/HtmlLogger/v1,logger://Microsoft/TestPlatform/TrxLogger/v1'.
TpTrace Verbose: 0 : 20284, 1, 2023/08/19, 12:38:07.580, 483826158628, vstest.console.dll, TestPluginCache: TestHosts are 'HostProvider://DefaultTestHost,HostProvider://DotnetTestHost'.
TpTrace Verbose: 0 : 20284, 1, 2023/08/19, 12:38:07.580, 483826158906, vstest.console.dll, TestPluginCache: DataCollectors are ''.
TpTrace Information: 0 : 20284, 1, 2023/08/19, 12:38:07.581, 483826167100, vstest.console.dll, TestPluginManager.CreateTestExtension: Attempting to load test extension: Microsoft.TestPlatform.Extensions.BlameDataCollector.BlameLogger
TpTrace Verbose: 0 : 20284, 1, 2023/08/19, 12:38:07.588, 483826236603, vstest.console.dll, TestEngine: Initializing Parallel Execution as MaxCpuCount is set to: 1
TpTrace Information: 0 : 20284, 1, 2023/08/19, 12:38:07.589, 483826253654, vstest.console.dll, TestPluginManager.CreateTestExtension: Attempting to load test extension: Microsoft.VisualStudio.TestPlatform.CrossPlatEngine.Hosting.DefaultTestHostManager
TpTrace Information: 0 : 20284, 1, 2023/08/19, 12:38:07.590, 483826262619, vstest.console.dll, TestPluginManager.CreateTestExtension: Attempting to load test extension: Microsoft.VisualStudio.TestPlatform.CrossPlatEngine.Hosting.DotnetTestHostManager
TpTrace Information: 0 : 20284, 1, 2023/08/19, 12:38:07.591, 483826269858, vstest.console.dll, InferRunSettingsHelper.IsTestSettingsEnabled: Unable to navigate to RunSettings/MSTest. Current node: RunSettings
TpTrace Verbose: 0 : 20284, 1, 2023/08/19, 12:38:07.597, 483826332457, vstest.console.dll, TestEngine.GetExecutionManager: Chosen execution manager 'Microsoft.VisualStudio.TestPlatform.CrossPlatEngine.Client.Parallel.ParallelProxyExecutionManager, Microsoft.TestPlatform.CrossPlatEngine, Version=15.0.0.0, Culture=neutral, PublicKeyToken=b03f5f7f11d50a3a' ParallelLevel '1'.
TpTrace Verbose: 0 : 20284, 1, 2023/08/19, 12:38:07.598, 483826334580, vstest.console.dll, TestRunRequest.ExecuteAsync: Creating test run request.
TpTrace Verbose: 0 : 20284, 1, 2023/08/19, 12:38:07.598, 483826337000, vstest.console.dll, TestRunRequest.ExecuteAsync: Starting.
TpTrace Information: 0 : 20284, 1, 2023/08/19, 12:38:07.598, 483826339554, vstest.console.dll, TestRunRequest.ExecuteAsync: Starting run with settings:TestRunCriteria:
   KeepAlive=False,FrequencyOfRunStatsChangeEvent=10,RunStatsChangeEventTimeout=00:00:01.5000000,TestCaseFilter=,TestExecutorLauncher=
   Settingsxml=<RunSettings>
  <RunConfiguration>
    <ResultsDirectory>C:\Users\Shakhriyor_Toylokov\source\repos\UnitTesting\FizzBuzzTests\bin\Debug\netcoreapp3.1\fine-code-coverage\coverage-tool-output</ResultsDirectory>
    <TargetPlatform>X64</TargetPlatform>
    <TargetFrameworkVersion>.NETCoreApp,Version=v3.1</TargetFrameworkVersion>
    <DesignMode>False</DesignMode>
    <CollectSourceInformation>False</CollectSourceInformation>
  </RunConfiguration>
  <LoggerRunSettings>
    <Loggers>
      <Logger friendlyName="blame" enabled="True" />
      <Logger friendlyName="Console" uri="logger://microsoft/TestPlatform/ConsoleLogger/v1" assemblyQualifiedName="Microsoft.VisualStudio.TestPlatform.CommandLine.Internal.ConsoleLogger, vstest.console, Version=15.0.0.0, Culture=neutral, PublicKeyToken=b03f5f7f11d50a3a" codeBase="C:\Program Files\dotnet\sdk\7.0.100\vstest.console.dll" enabled="True" />
    </Loggers>
  </LoggerRunSettings>
  <DataCollectionRunSettings>
    <DataCollectors>
      <DataCollector friendlyName="blame" enabled="True">
        <Configuration>
          <ResultsDirectory>C:\Users\Shakhriyor_Toylokov\source\repos\UnitTesting\FizzBuzzTests\bin\Debug\netcoreapp3.1\fine-code-coverage\coverage-tool-output</ResultsDirectory>
        </Configuration>
      </DataCollector>
    </DataCollectors>
  </DataCollectionRunSettings>
</RunSettings>

TpTrace Verbose: 0 : 20284, 1, 2023/08/19, 12:38:07.598, 483826340189, vstest.console.dll, TestRunRequest.ExecuteAsync: Wait for the first run request is over.
TpTrace Verbose: 0 : 20284, 1, 2023/08/19, 12:38:07.598, 483826343118, vstest.console.dll, MulticastDelegateUtilities.SafeInvoke: TestRun.TestRunStart: Invoking callbacks was skipped because there are no subscribers.
TpTrace Verbose: 0 : 20284, 4, 2023/08/19, 12:38:07.599, 483826349254, vstest.console.dll, MulticastDelegateUtilities.SafeInvoke: InternalTestLoggerEvents.SendTestRunStart: Invoking callback 1/1 for Microsoft.VisualStudio.TestPlatform.CommandLine.Internal.ConsoleLogger., took 0 ms.
TpTrace Verbose: 0 : 20284, 1, 2023/08/19, 12:38:07.600, 483826360288, vstest.console.dll, ParallelProxyExecutionManager: Start execution. Total sources: 1
TpTrace Verbose: 0 : 20284, 1, 2023/08/19, 12:38:07.602, 483826377961, vstest.console.dll, TestRequestSender is acting as server.
TpTrace Verbose: 0 : 20284, 1, 2023/08/19, 12:38:07.604, 483826397383, vstest.console.dll, DataCollectionRequestSender.InitializeCommunication : Initialize communication. 
TpTrace Information: 0 : 20284, 1, 2023/08/19, 12:38:07.610, 483826463905, vstest.console.dll, Listening on Endpoint : 127.0.0.1:56493
TpTrace Verbose: 0 : 20284, 1, 2023/08/19, 12:38:07.620, 483826556225, vstest.console.dll, DotnetDataCollectionLauncher: Adding  --runtimeconfig "C:\Program Files\dotnet\sdk\7.0.100\datacollector.runtimeconfig.json" in args
TpTrace Verbose: 0 : 20284, 1, 2023/08/19, 12:38:07.620, 483826557451, vstest.console.dll, DotnetDataCollectionLauncher: Adding  --depsfile "C:\Program Files\dotnet\sdk\7.0.100\datacollector.deps.json" in args
TpTrace Verbose: 0 : 20284, 1, 2023/08/19, 12:38:07.621, 483826564986, vstest.console.dll, DotnetDataCollectionLauncher: Full path of dotnet.exe is C:\Program Files\dotnet\dotnet.exe
TpTrace Information: 0 : 20284, 1, 2023/08/19, 12:38:07.631, 483826667412, vstest.console.dll, ProxyDataCollectionManager.Initialize: Launched datacollector processId: 11700 port: 56493
TpTrace Information: 0 : 20284, 1, 2023/08/19, 12:38:07.631, 483826670477, vstest.console.dll, ProxyDataCollectionManager.Initialize: waiting for connection with timeout: 90 seconds
TpTrace Verbose: 0 : 20284, 1, 2023/08/19, 12:38:07.631, 483826672263, vstest.console.dll, DataCollectionRequestSender.WaitForRequestHandlerConnection : Waiting for connection with timeout: 90000
TpTrace Verbose: 0 : 20284, 1, 2023/08/19, 12:38:07.862, 483828983523, vstest.console.dll, SocketCommunicationManager.WaitForClientConnection took: 230 ms, with 90000 ms timeout, and finished with True.
TpTrace Information: 0 : 20284, 7, 2023/08/19, 12:38:07.862, 483828983196, vstest.console.dll, Using the buffer size of 16384 bytes
TpTrace Verbose: 0 : 20284, 1, 2023/08/19, 12:38:07.863, 483828986688, vstest.console.dll, ProxyDataCollectionManager.InvokeDataCollectionServiceAction: Starting.
TpTrace Information: 0 : 20284, 7, 2023/08/19, 12:38:07.863, 483828986857, vstest.console.dll, Accepted Client request and set the flag
TpTrace Information: 0 : 20284, 1, 2023/08/19, 12:38:07.863, 483828988160, vstest.console.dll, ProxyDataCollectionManager.BeforeTestRunStart: Get environment variable and port for datacollector processId: 11700 port: 56493
TpTrace Verbose: 0 : 20284, 1, 2023/08/19, 12:38:07.863, 483828990464, vstest.console.dll, DataCollectionRequestSender.SendBeforeTestRunStartAndGetResult: Send BeforeTestRunStart message with settingsXml <RunSettings><RunConfiguration><ResultsDirectory>C:\Users\Shakhriyor_Toylokov\source\repos\UnitTesting\FizzBuzzTests\bin\Debug\netcoreapp3.1\fine-code-coverage\coverage-tool-output</ResultsDirectory><TargetPlatform>X64</TargetPlatform><TargetFrameworkVersion>.NETCoreApp,Version=v3.1</TargetFrameworkVersion><DesignMode>False</DesignMode><CollectSourceInformation>False</CollectSourceInformation><TestAdaptersPaths>C:\Program Files\dotnet\sdk\7.0.100\Extensions</TestAdaptersPaths></RunConfiguration><LoggerRunSettings><Loggers><Logger friendlyName="blame" enabled="True" /><Logger friendlyName="Console" uri="logger://microsoft/TestPlatform/ConsoleLogger/v1" assemblyQualifiedName="Microsoft.VisualStudio.TestPlatform.CommandLine.Internal.ConsoleLogger, vstest.console, Version=15.0.0.0, Culture=neutral, PublicKeyToken=b03f5f7f11d50a3a" codeBase="C:\Program Files\dotnet\sdk\7.0.100\vstest.console.dll" enabled="True" /></Loggers></LoggerRunSettings><DataCollectionRunSettings><DataCollectors><DataCollector friendlyName="blame" enabled="True"><Configuration><ResultsDirectory>C:\Users\Shakhriyor_Toylokov\source\repos\UnitTesting\FizzBuzzTests\bin\Debug\netcoreapp3.1\fine-code-coverage\coverage-tool-output</ResultsDirectory></Configuration></DataCollector></DataCollectors></DataCollectionRunSettings></RunSettings> and sources System.Collections.Generic.List`1[System.String]: 
TpTrace Verbose: 0 : 20284, 1, 2023/08/19, 12:38:07.985, 483830207023, vstest.console.dll, DataCollectionRequestSender.SendBeforeTestRunStartAndGetResult: Received message: (DataCollection.SendMessage) -> {"MessageType":"DataCollection.SendMessage","Payload":{"FriendlyName":null,"Uri":null,"TestCaseId":"00000000-0000-0000-0000-000000000000","Message":"Logging DataCollector Diagnostics in file: C:\\Users\\Shakhriyor_Toylokov\\source\\repos\\UnitTesting\\FizzBuzzTests\\bin\\Debug\\netcoreapp3.1\\fine-code-coverage\\coverage-tool-output\\diagnostics.datacollector.23-08-19_12-38-07_61982_1.log","Level":0}}
TpTrace Verbose: 0 : 20284, 1, 2023/08/19, 12:38:08.088, 483831237130, vstest.console.dll, DataCollectionRequestSender.SendBeforeTestRunStartAndGetResult: Received message: (DataCollection.BeforeTestRunStartResult) -> {"MessageType":"DataCollection.BeforeTestRunStartResult","Payload":{"EnvironmentVariables":{},"DataCollectionEventsPort":56495}}
TpTrace Information: 0 : 20284, 1, 2023/08/19, 12:38:08.097, 483831326970, vstest.console.dll, ProxyDataCollectionManager.BeforeTestRunStart: SendBeforeTestRunStartAndGetResult successful, env variable from datacollector:   and testhost port: 56495
TpTrace Information: 0 : 20284, 1, 2023/08/19, 12:38:08.097, 483831328677, vstest.console.dll, ProxyDataCollectionManager.InvokeDataCollectionServiceAction: Completed.
TpTrace Verbose: 0 : 20284, 1, 2023/08/19, 12:38:08.097, 483831331312, vstest.console.dll, ProxyParallelExecutionManager: No sources available for execution.
TpTrace Verbose: 0 : 20284, 7, 2023/08/19, 12:38:08.097, 483831331335, vstest.console.dll, ParallelProxyExecutionManager: Execution started. Started clients: 1
TpTrace Information: 0 : 20284, 1, 2023/08/19, 12:38:08.097, 483831332598, vstest.console.dll, TestRunRequest.ExecuteAsync: Started.
TpTrace Verbose: 0 : 20284, 1, 2023/08/19, 12:38:08.098, 483831337160, vstest.console.dll, TestRunRequest.WaitForCompletion: Waiting with timeout -1.
TpTrace Verbose: 0 : 20284, 7, 2023/08/19, 12:38:08.098, 483831339165, vstest.console.dll, TestRunRequest:SendTestRunMessage: Starting.
TpTrace Verbose: 0 : 20284, 7, 2023/08/19, 12:38:08.098, 483831342295, vstest.console.dll, MulticastDelegateUtilities.SafeInvoke: TestRun.LogMessages: Invoking callback 1/1 for Microsoft.VisualStudio.TestPlatform.CommandLine.TestRunResultAggregator., took 0 ms.
TpTrace Information: 0 : 20284, 7, 2023/08/19, 12:38:08.098, 483831343044, vstest.console.dll, TestRunRequest:SendTestRunMessage: Completed.
TpTrace Verbose: 0 : 20284, 7, 2023/08/19, 12:38:08.099, 483831346302, vstest.console.dll, ProxyExecutionManager: Test host is always Lazy initialize.
TpTrace Verbose: 0 : 20284, 4, 2023/08/19, 12:38:08.099, 483831346934, vstest.console.dll, MulticastDelegateUtilities.SafeInvoke: InternalTestLoggerEvents.SendTestRunMessage: Invoking callback 1/1 for Microsoft.VisualStudio.TestPlatform.CommandLine.Internal.ConsoleLogger., took 0 ms.
TpTrace Verbose: 0 : 20284, 7, 2023/08/19, 12:38:08.099, 483831350948, vstest.console.dll, TestRequestSender.InitializeCommunication: initialize communication. 
TpTrace Information: 0 : 20284, 7, 2023/08/19, 12:38:08.100, 483831357039, vstest.console.dll, SocketServer.Start: Listening on endpoint : 127.0.0.1:56496
TpTrace Verbose: 0 : 20284, 7, 2023/08/19, 12:38:08.101, 483831367247, vstest.console.dll, DotnetTestHostmanager.GetTestHostProcessStartInfo: Platform environment 'X64' target architecture 'X64' framework '.NETCoreApp,Version=v3.1' OS 'Windows'
TpTrace Verbose: 0 : 20284, 7, 2023/08/19, 12:38:08.101, 483831369608, vstest.console.dll, DotnetTestHostmanager: Adding  --runtimeconfig "C:\Users\Shakhriyor_Toylokov\source\repos\UnitTesting\FizzBuzzTests\bin\Debug\netcoreapp3.1\fine-code-coverage\build-output\FizzBuzzTests.runtimeconfig.json" in args
TpTrace Verbose: 0 : 20284, 7, 2023/08/19, 12:38:08.101, 483831370837, vstest.console.dll, DotnetTestHostmanager: Adding  --depsfile "C:\Users\Shakhriyor_Toylokov\source\repos\UnitTesting\FizzBuzzTests\bin\Debug\netcoreapp3.1\fine-code-coverage\build-output\FizzBuzzTests.deps.json" in args
TpTrace Verbose: 0 : 20284, 7, 2023/08/19, 12:38:08.101, 483831373581, vstest.console.dll, DotnetTestHostmanager.IsWinOnArm: Current PROCESSOR_ARCHITECTURE from environment variable 'AMD64'
TpTrace Verbose: 0 : 20284, 7, 2023/08/19, 12:38:08.101, 483831374302, vstest.console.dll, DotnetTestHostmanager.IsWinOnArm: Is Windows on ARM 'False'
TpTrace Verbose: 0 : 20284, 7, 2023/08/19, 12:38:08.102, 483831375644, vstest.console.dll, DotnetTestHostManager: testhost.exe found at path: C:\Users\Shakhriyor_Toylokov\source\repos\UnitTesting\FizzBuzzTests\bin\Debug\netcoreapp3.1\fine-code-coverage\build-output\testhost.exe
TpTrace Verbose: 0 : 20284, 7, 2023/08/19, 12:38:08.102, 483831376143, vstest.console.dll, DotnetTestHostmanager: Full path of host exe is C:\Users\Shakhriyor_Toylokov\source\repos\UnitTesting\FizzBuzzTests\bin\Debug\netcoreapp3.1\fine-code-coverage\build-output\testhost.exe
TpTrace Verbose: 0 : 20284, 7, 2023/08/19, 12:38:08.102, 483831377482, vstest.console.dll, DotnetTestHostmanager.LaunchTestHostAsync: Found 'VSTEST_WINAPPHOST_DOTNET_ROOT' in env variables, value 'C:\Program Files\dotnet', forwarding to 'DOTNET_ROOT'
TpTrace Verbose: 0 : 20284, 7, 2023/08/19, 12:38:08.102, 483831379442, vstest.console.dll, DotnetTestHostManager: Starting process 'C:\Users\Shakhriyor_Toylokov\source\repos\UnitTesting\FizzBuzzTests\bin\Debug\netcoreapp3.1\fine-code-coverage\build-output\testhost.exe' with command line ' --runtimeconfig "C:\Users\Shakhriyor_Toylokov\source\repos\UnitTesting\FizzBuzzTests\bin\Debug\netcoreapp3.1\fine-code-coverage\build-output\FizzBuzzTests.runtimeconfig.json" --depsfile "C:\Users\Shakhriyor_Toylokov\source\repos\UnitTesting\FizzBuzzTests\bin\Debug\netcoreapp3.1\fine-code-coverage\build-output\FizzBuzzTests.deps.json" --port 56496 --endpoint 127.0.0.1:056496 --role client --parentprocessid 20284 --diag "C:\Users\Shakhriyor_Toylokov\source\repos\UnitTesting\FizzBuzzTests\bin\Debug\netcoreapp3.1\fine-code-coverage\coverage-tool-output\diagnostics.host.23-08-19_12-38-08_10075_7.log" --tracelevel 4 --datacollectionport 56495 --telemetryoptedin false'
TpTrace Verbose: 0 : 20284, 7, 2023/08/19, 12:38:08.114, 483831504241, vstest.console.dll, MulticastDelegateUtilities.SafeInvoke: HostProviderEvents.OnHostLaunched: Invoking callback 1/2 for Microsoft.VisualStudio.TestPlatform.CrossPlatEngine.Client.ProxyExecutionManagerWithDataCollection., took 2 ms.
TpTrace Verbose: 0 : 20284, 7, 2023/08/19, 12:38:08.115, 483831507674, vstest.console.dll, Test Runtime launched
TpTrace Verbose: 0 : 20284, 7, 2023/08/19, 12:38:08.115, 483831508745, vstest.console.dll, MulticastDelegateUtilities.SafeInvoke: HostProviderEvents.OnHostLaunched: Invoking callback 2/2 for Microsoft.VisualStudio.TestPlatform.CrossPlatEngine.Client.ProxyOperationManager., took 0 ms.
TpTrace Verbose: 0 : 20284, 7, 2023/08/19, 12:38:08.115, 483831510687, vstest.console.dll, TestRequestSender.WaitForRequestHandlerConnection: waiting for connection with timeout: 90000.
TpTrace Verbose: 0 : 20284, 7, 2023/08/19, 12:38:08.471, 483835070659, vstest.console.dll, TestRequestSender.WaitForRequestHandlerConnection: waiting took 355 ms, with timeout 90000 ms, and result 0, which is success.
TpTrace Verbose: 0 : 20284, 12, 2023/08/19, 12:38:08.471, 483835070659, vstest.console.dll, MulticastDelegateUtilities.SafeInvoke: SocketServer: ClientConnected: Invoking callback 1/1 for Microsoft.VisualStudio.TestPlatform.CommunicationUtilities.TestRequestSender., took 0 ms.
TpTrace Verbose: 0 : 20284, 12, 2023/08/19, 12:38:08.471, 483835074090, vstest.console.dll, SocketServer.OnClientConnected: Client connected for endPoint: 127.0.0.1:56496, starting MessageLoopAsync:
TpTrace Verbose: 0 : 20284, 12, 2023/08/19, 12:38:08.472, 483835078833, vstest.console.dll, TcpClientExtensions.MessageLoopAsync: Polling on remoteEndPoint: 127.0.0.1:56497 localEndPoint: 127.0.0.1:56496
TpTrace Verbose: 0 : 20284, 7, 2023/08/19, 12:38:08.473, 483835093186, vstest.console.dll, TestRequestSender.CheckVersionWithTestHost: Sending check version message: {"MessageType":"ProtocolVersion","Payload":7}
TpTrace Verbose: 0 : 20284, 12, 2023/08/19, 12:38:08.643, 483836787948, vstest.console.dll, TcpClientExtensions.MessageLoopAsync: NotifyDataAvailable remoteEndPoint: 127.0.0.1:56497 localEndPoint: 127.0.0.1:56496
TpTrace Verbose: 0 : 20284, 12, 2023/08/19, 12:38:08.643, 483836793361, vstest.console.dll, TestRequestSender.CheckVersionWithTestHost: onMessageReceived received message: (ProtocolVersion) -> {"MessageType":"ProtocolVersion","Payload":7}
TpTrace Verbose: 0 : 20284, 12, 2023/08/19, 12:38:08.645, 483836812285, vstest.console.dll, MulticastDelegateUtilities.SafeInvoke: LengthPrefixCommunicationChannel: MessageReceived: Invoking callback 1/1 for Microsoft.VisualStudio.TestPlatform.CommunicationUtilities.TestRequestSender+<>c__DisplayClass26_0., took 1 ms.
TpTrace Verbose: 0 : 20284, 12, 2023/08/19, 12:38:08.645, 483836813923, vstest.console.dll, TcpClientExtensions.MessageLoopAsync: Polling on remoteEndPoint: 127.0.0.1:56497 localEndPoint: 127.0.0.1:56496
TpTrace Verbose: 0 : 20284, 7, 2023/08/19, 12:38:08.645, 483836814181, vstest.console.dll, TestPluginCache.GetExtensionPaths: Filtered extension paths: 
TpTrace Verbose: 0 : 20284, 7, 2023/08/19, 12:38:08.646, 483836816260, vstest.console.dll, TestPluginCache.GetExtensionPaths: Added default extension paths: C:\Program Files\dotnet\sdk\7.0.100\Extensions\Microsoft.Diagnostics.NETCore.Client.dll
C:\Program Files\dotnet\sdk\7.0.100\Extensions\Microsoft.TestPlatform.Extensions.BlameDataCollector.dll
C:\Program Files\dotnet\sdk\7.0.100\Extensions\Microsoft.TestPlatform.Extensions.EventLogCollector.dll
C:\Program Files\dotnet\sdk\7.0.100\Extensions\Microsoft.TestPlatform.TestHostRuntimeProvider.dll
C:\Program Files\dotnet\sdk\7.0.100\Extensions\Microsoft.VisualStudio.TestPlatform.Extensions.Html.TestLogger.dll
C:\Program Files\dotnet\sdk\7.0.100\Extensions\Microsoft.VisualStudio.TestPlatform.Extensions.Trx.TestLogger.dll
TpTrace Verbose: 0 : 20284, 7, 2023/08/19, 12:38:08.646, 483836817025, vstest.console.dll, TestPluginCache.GetExtensionPaths: Added unfilterableExtensionPaths: 
TpTrace Verbose: 0 : 20284, 7, 2023/08/19, 12:38:08.651, 483836864932, vstest.console.dll, TestRequestSender.InitializeExecution: Sending initialize execution with message: {"Version":7,"MessageType":"TestExecution.Initialize","Payload":["C:\\Users\\Shakhriyor_Toylokov\\source\\repos\\UnitTesting\\FizzBuzzTests\\bin\\Debug\\netcoreapp3.1\\fine-code-coverage\\build-output\\NUnit3.TestAdapter.dll"]}
TpTrace Warning: 0 : 20284, 7, 2023/08/19, 12:38:08.651, 483836873267, vstest.console.dll, InferRunSettingsHelper.MakeRunsettingsCompatible: Removing the following settings: TargetPlatform from RunSettings file. To use those settings please move to latest version of Microsoft.NET.Test.Sdk
TpTrace Verbose: 0 : 20284, 12, 2023/08/19, 12:38:08.653, 483836888306, vstest.console.dll, TcpClientExtensions.MessageLoopAsync: NotifyDataAvailable remoteEndPoint: 127.0.0.1:56497 localEndPoint: 127.0.0.1:56496
TpTrace Verbose: 0 : 20284, 12, 2023/08/19, 12:38:08.654, 483836894587, vstest.console.dll, TestRequestSender.OnExecutionMessageReceived: Received message: {"Version":7,"MessageType":"TestSession.Message","Payload":{"MessageLevel":0,"Message":"Logging TestHost Diagnostics in file: C:\\Users\\Shakhriyor_Toylokov\\source\\repos\\UnitTesting\\FizzBuzzTests\\bin\\Debug\\netcoreapp3.1\\fine-code-coverage\\coverage-tool-output\\diagnostics.host.23-08-19_12-38-08_10075_7.log"}}
TpTrace Verbose: 0 : 20284, 12, 2023/08/19, 12:38:08.658, 483836940458, vstest.console.dll, TestRunRequest:SendTestRunMessage: Starting.
TpTrace Verbose: 0 : 20284, 12, 2023/08/19, 12:38:08.658, 483836942703, vstest.console.dll, MulticastDelegateUtilities.SafeInvoke: TestRun.LogMessages: Invoking callback 1/1 for Microsoft.VisualStudio.TestPlatform.CommandLine.TestRunResultAggregator., took 0 ms.
TpTrace Information: 0 : 20284, 12, 2023/08/19, 12:38:08.658, 483836943242, vstest.console.dll, TestRunRequest:SendTestRunMessage: Completed.
TpTrace Verbose: 0 : 20284, 4, 2023/08/19, 12:38:08.658, 483836943188, vstest.console.dll, MulticastDelegateUtilities.SafeInvoke: InternalTestLoggerEvents.SendTestRunMessage: Invoking callback 1/1 for Microsoft.VisualStudio.TestPlatform.CommandLine.Internal.ConsoleLogger., took 0 ms.
TpTrace Verbose: 0 : 20284, 12, 2023/08/19, 12:38:08.659, 483836944911, vstest.console.dll, MulticastDelegateUtilities.SafeInvoke: LengthPrefixCommunicationChannel: MessageReceived: Invoking callback 1/1 for Microsoft.VisualStudio.TestPlatform.CommunicationUtilities.TestRequestSender+<>c__DisplayClass31_0., took 5 ms.
TpTrace Verbose: 0 : 20284, 12, 2023/08/19, 12:38:08.659, 483836946564, vstest.console.dll, TcpClientExtensions.MessageLoopAsync: Polling on remoteEndPoint: 127.0.0.1:56497 localEndPoint: 127.0.0.1:56496
TpTrace Verbose: 0 : 20284, 7, 2023/08/19, 12:38:08.665, 483837005628, vstest.console.dll, TestRequestSender.StartTestRun: Sending test run with message: {"Version":7,"MessageType":"TestExecution.StartWithSources","Payload":{"AdapterSourceMap":{"_none_":["C:\\Users\\Shakhriyor_Toylokov\\source\\repos\\UnitTesting\\FizzBuzzTests\\bin\\Debug\\netcoreapp3.1\\fine-code-coverage\\build-output\\FizzBuzzTests.dll"]},"RunSettings":"<RunSettings>\r\n  <RunConfiguration>\r\n    <ResultsDirectory>C:\\Users\\Shakhriyor_Toylokov\\source\\repos\\UnitTesting\\FizzBuzzTests\\bin\\Debug\\netcoreapp3.1\\fine-code-coverage\\coverage-tool-output</ResultsDirectory>\r\n    <TargetFrameworkVersion>.NETCoreApp,Version=v3.1</TargetFrameworkVersion>\r\n    <DesignMode>False</DesignMode>\r\n    <CollectSourceInformation>False</CollectSourceInformation>\r\n  </RunConfiguration>\r\n  <LoggerRunSettings>\r\n    <Loggers>\r\n      <Logger friendlyName=\"blame\" enabled=\"True\" />\r\n      <Logger friendlyName=\"Console\" uri=\"logger://microsoft/TestPlatform/ConsoleLogger/v1\" assemblyQualifiedName=\"Microsoft.VisualStudio.TestPlatform.CommandLine.Internal.ConsoleLogger, vstest.console, Version=15.0.0.0, Culture=neutral, PublicKeyToken=b03f5f7f11d50a3a\" codeBase=\"C:\\Program Files\\dotnet\\sdk\\7.0.100\\vstest.console.dll\" enabled=\"True\" />\r\n    </Loggers>\r\n  </LoggerRunSettings>\r\n  <DataCollectionRunSettings>\r\n    <DataCollectors>\r\n      <DataCollector friendlyName=\"blame\" enabled=\"True\">\r\n        <Configuration>\r\n          <ResultsDirectory>C:\\Users\\Shakhriyor_Toylokov\\source\\repos\\UnitTesting\\FizzBuzzTests\\bin\\Debug\\netcoreapp3.1\\fine-code-coverage\\coverage-tool-output</ResultsDirectory>\r\n        </Configuration>\r\n      </DataCollector>\r\n    </DataCollectors>\r\n  </DataCollectionRunSettings>\r\n</RunSettings>","TestExecutionContext":{"FrequencyOfRunStatsChangeEvent":10,"RunStatsChangeEventTimeout":"00:00:01.5000000","InIsolation":false,"KeepAlive":false,"AreTestCaseLevelEventsRequired":false,"IsDebug":false,"TestCaseFilter":null,"FilterOptions":null},"Package":null}}
TpTrace Verbose: 0 : 20284, 12, 2023/08/19, 12:38:08.907, 483839431119, vstest.console.dll, TcpClientExtensions.MessageLoopAsync: NotifyDataAvailable remoteEndPoint: 127.0.0.1:56497 localEndPoint: 127.0.0.1:56496
TpTrace Verbose: 0 : 20284, 12, 2023/08/19, 12:38:08.907, 483839434381, vstest.console.dll, TestRequestSender.OnExecutionMessageReceived: Received message: {"Version":7,"MessageType":"TestSession.Message","Payload":{"MessageLevel":0,"Message":"NUnit Adapter 4.2.0.0: Test execution started"}}
TpTrace Verbose: 0 : 20284, 12, 2023/08/19, 12:38:08.908, 483839439614, vstest.console.dll, TestRunRequest:SendTestRunMessage: Starting.
TpTrace Verbose: 0 : 20284, 12, 2023/08/19, 12:38:08.908, 483839440631, vstest.console.dll, MulticastDelegateUtilities.SafeInvoke: TestRun.LogMessages: Invoking callback 1/1 for Microsoft.VisualStudio.TestPlatform.CommandLine.TestRunResultAggregator., took 0 ms.
TpTrace Verbose: 0 : 20284, 4, 2023/08/19, 12:38:08.908, 483839440827, vstest.console.dll, MulticastDelegateUtilities.SafeInvoke: InternalTestLoggerEvents.SendTestRunMessage: Invoking callback 1/1 for Microsoft.VisualStudio.TestPlatform.CommandLine.Internal.ConsoleLogger., took 0 ms.
TpTrace Information: 0 : 20284, 12, 2023/08/19, 12:38:08.908, 483839441206, vstest.console.dll, TestRunRequest:SendTestRunMessage: Completed.
TpTrace Verbose: 0 : 20284, 12, 2023/08/19, 12:38:08.908, 483839442487, vstest.console.dll, MulticastDelegateUtilities.SafeInvoke: LengthPrefixCommunicationChannel: MessageReceived: Invoking callback 1/1 for Microsoft.VisualStudio.TestPlatform.CommunicationUtilities.TestRequestSender+<>c__DisplayClass31_0., took 0 ms.
TpTrace Verbose: 0 : 20284, 12, 2023/08/19, 12:38:08.908, 483839442933, vstest.console.dll, TcpClientExtensions.MessageLoopAsync: Polling on remoteEndPoint: 127.0.0.1:56497 localEndPoint: 127.0.0.1:56496
TpTrace Verbose: 0 : 20284, 12, 2023/08/19, 12:38:08.946, 483839816422, vstest.console.dll, TcpClientExtensions.MessageLoopAsync: NotifyDataAvailable remoteEndPoint: 127.0.0.1:56497 localEndPoint: 127.0.0.1:56496
TpTrace Verbose: 0 : 20284, 12, 2023/08/19, 12:38:08.946, 483839819691, vstest.console.dll, TestRequestSender.OnExecutionMessageReceived: Received message: {"Version":7,"MessageType":"TestSession.Message","Payload":{"MessageLevel":0,"Message":"Running all tests in C:\\Users\\Shakhriyor_Toylokov\\source\\repos\\UnitTesting\\FizzBuzzTests\\bin\\Debug\\netcoreapp3.1\\fine-code-coverage\\build-output\\FizzBuzzTests.dll"}}
TpTrace Verbose: 0 : 20284, 12, 2023/08/19, 12:38:08.946, 483839822959, vstest.console.dll, TestRunRequest:SendTestRunMessage: Starting.
TpTrace Verbose: 0 : 20284, 12, 2023/08/19, 12:38:08.947, 483839824854, vstest.console.dll, MulticastDelegateUtilities.SafeInvoke: TestRun.LogMessages: Invoking callback 1/1 for Microsoft.VisualStudio.TestPlatform.CommandLine.TestRunResultAggregator., took 0 ms.
TpTrace Information: 0 : 20284, 12, 2023/08/19, 12:38:08.947, 483839825611, vstest.console.dll, TestRunRequest:SendTestRunMessage: Completed.
TpTrace Verbose: 0 : 20284, 4, 2023/08/19, 12:38:08.947, 483839825460, vstest.console.dll, MulticastDelegateUtilities.SafeInvoke: InternalTestLoggerEvents.SendTestRunMessage: Invoking callback 1/1 for Microsoft.VisualStudio.TestPlatform.CommandLine.Internal.ConsoleLogger., took 0 ms.
TpTrace Verbose: 0 : 20284, 12, 2023/08/19, 12:38:08.947, 483839826528, vstest.console.dll, MulticastDelegateUtilities.SafeInvoke: LengthPrefixCommunicationChannel: MessageReceived: Invoking callback 1/1 for Microsoft.VisualStudio.TestPlatform.CommunicationUtilities.TestRequestSender+<>c__DisplayClass31_0., took 0 ms.
TpTrace Verbose: 0 : 20284, 12, 2023/08/19, 12:38:08.947, 483839829013, vstest.console.dll, TcpClientExtensions.MessageLoopAsync: Polling on remoteEndPoint: 127.0.0.1:56497 localEndPoint: 127.0.0.1:56496
TpTrace Verbose: 0 : 20284, 12, 2023/08/19, 12:38:09.134, 483841701094, vstest.console.dll, TcpClientExtensions.MessageLoopAsync: NotifyDataAvailable remoteEndPoint: 127.0.0.1:56497 localEndPoint: 127.0.0.1:56496
TpTrace Verbose: 0 : 20284, 12, 2023/08/19, 12:38:09.135, 483841704588, vstest.console.dll, TestRequestSender.OnExecutionMessageReceived: Received message: {"Version":7,"MessageType":"TestSession.Message","Payload":{"MessageLevel":0,"Message":"   NUnit3TestExecutor discovered 2 of 2 NUnit test cases using Current Discovery mode, Non-Explicit run"}}
TpTrace Verbose: 0 : 20284, 12, 2023/08/19, 12:38:09.135, 483841706951, vstest.console.dll, TestRunRequest:SendTestRunMessage: Starting.
TpTrace Verbose: 0 : 20284, 12, 2023/08/19, 12:38:09.135, 483841708390, vstest.console.dll, MulticastDelegateUtilities.SafeInvoke: TestRun.LogMessages: Invoking callback 1/1 for Microsoft.VisualStudio.TestPlatform.CommandLine.TestRunResultAggregator., took 0 ms.
TpTrace Verbose: 0 : 20284, 4, 2023/08/19, 12:38:09.135, 483841708843, vstest.console.dll, MulticastDelegateUtilities.SafeInvoke: InternalTestLoggerEvents.SendTestRunMessage: Invoking callback 1/1 for Microsoft.VisualStudio.TestPlatform.CommandLine.Internal.ConsoleLogger., took 0 ms.
TpTrace Information: 0 : 20284, 12, 2023/08/19, 12:38:09.135, 483841709180, vstest.console.dll, TestRunRequest:SendTestRunMessage: Completed.
TpTrace Verbose: 0 : 20284, 12, 2023/08/19, 12:38:09.135, 483841711507, vstest.console.dll, MulticastDelegateUtilities.SafeInvoke: LengthPrefixCommunicationChannel: MessageReceived: Invoking callback 1/1 for Microsoft.VisualStudio.TestPlatform.CommunicationUtilities.TestRequestSender+<>c__DisplayClass31_0., took 0 ms.
TpTrace Verbose: 0 : 20284, 12, 2023/08/19, 12:38:09.135, 483841712342, vstest.console.dll, TcpClientExtensions.MessageLoopAsync: Polling on remoteEndPoint: 127.0.0.1:56497 localEndPoint: 127.0.0.1:56496
TpTrace Verbose: 0 : 20284, 12, 2023/08/19, 12:38:09.308, 483843437295, vstest.console.dll, TcpClientExtensions.MessageLoopAsync: NotifyDataAvailable remoteEndPoint: 127.0.0.1:56497 localEndPoint: 127.0.0.1:56496
TpTrace Verbose: 0 : 20284, 12, 2023/08/19, 12:38:09.308, 483843441486, vstest.console.dll, TestRequestSender.OnExecutionMessageReceived: Received message: {"Version":7,"MessageType":"TestSession.Message","Payload":{"MessageLevel":0,"Message":"NUnit Adapter 4.2.0.0: Test execution complete"}}
TpTrace Verbose: 0 : 20284, 12, 2023/08/19, 12:38:09.309, 483843444801, vstest.console.dll, TestRunRequest:SendTestRunMessage: Starting.
TpTrace Verbose: 0 : 20284, 12, 2023/08/19, 12:38:09.309, 483843446438, vstest.console.dll, MulticastDelegateUtilities.SafeInvoke: TestRun.LogMessages: Invoking callback 1/1 for Microsoft.VisualStudio.TestPlatform.CommandLine.TestRunResultAggregator., took 0 ms.
TpTrace Verbose: 0 : 20284, 4, 2023/08/19, 12:38:09.309, 483843447037, vstest.console.dll, MulticastDelegateUtilities.SafeInvoke: InternalTestLoggerEvents.SendTestRunMessage: Invoking callback 1/1 for Microsoft.VisualStudio.TestPlatform.CommandLine.Internal.ConsoleLogger., took 0 ms.
TpTrace Information: 0 : 20284, 12, 2023/08/19, 12:38:09.309, 483843447172, vstest.console.dll, TestRunRequest:SendTestRunMessage: Completed.
TpTrace Verbose: 0 : 20284, 12, 2023/08/19, 12:38:09.309, 483843449008, vstest.console.dll, MulticastDelegateUtilities.SafeInvoke: LengthPrefixCommunicationChannel: MessageReceived: Invoking callback 1/1 for Microsoft.VisualStudio.TestPlatform.CommunicationUtilities.TestRequestSender+<>c__DisplayClass31_0., took 0 ms.
TpTrace Verbose: 0 : 20284, 12, 2023/08/19, 12:38:09.309, 483843449633, vstest.console.dll, TcpClientExtensions.MessageLoopAsync: Polling on remoteEndPoint: 127.0.0.1:56497 localEndPoint: 127.0.0.1:56496
TpTrace Verbose: 0 : 20284, 12, 2023/08/19, 12:38:09.374, 483844096426, vstest.console.dll, TcpClientExtensions.MessageLoopAsync: NotifyDataAvailable remoteEndPoint: 127.0.0.1:56497 localEndPoint: 127.0.0.1:56496
TpTrace Verbose: 0 : 20284, 12, 2023/08/19, 12:38:09.374, 483844103279, vstest.console.dll, TestRequestSender.OnExecutionMessageReceived: Received message: {"Version":7,"MessageType":"TestExecution.Completed","Payload":{"TestRunCompleteArgs":{"TestRunStatistics":{"ExecutedTests":2,"Stats":{"Passed":2}},"IsCanceled":false,"IsAborted":false,"Error":null,"AttachmentSets":[],"InvokedDataCollectors":[],"ElapsedTimeInRunningTests":"00:00:00.4421572","Metrics":{},"DiscoveredExtensions":{"TestDiscoverers":["NUnit.VisualStudio.TestAdapter.NUnit3TestDiscoverer, NUnit3.TestAdapter, Version=4.2.0.0, Culture=neutral, PublicKeyToken=4cb40d35494691ac"],"TestExecutors":["executor://NUnit3TestExecutor"],"TestExecutors2":[],"TestSettingsProviders":[]}},"LastRunTests":{"NewTestResults":[{"TestCase":{"Id":"bb19ef79-d5f5-e0f5-2070-bd220f27bc1a","FullyQualifiedName":"FizzBuzzTests.Tests.check_FizzBuzz_ReturnsCorrectStrings","DisplayName":"check_FizzBuzz_ReturnsCorrectStrings","ExecutorUri":"executor://NUnit3TestExecutor","Source":"C:\\Users\\Shakhriyor_Toylokov\\source\\repos\\UnitTesting\\FizzBuzzTests\\bin\\Debug\\netcoreapp3.1\\fine-code-coverage\\build-output\\FizzBuzzTests.dll","CodeFilePath":null,"LineNumber":0,"Properties":[{"Key":{"Id":"NUnit.Seed","Label":"Seed","Category":"","Description":"","Attributes":0,"ValueType":"System.String"},"Value":"1902625962"}]},"Attachments":[],"Outcome":1,"ErrorMessage":null,"ErrorStackTrace":null,"DisplayName":"check_FizzBuzz_ReturnsCorrectStrings","Messages":[],"ComputerName":"EPUZTASW0474","Duration":"00:00:00.0594000","StartTime":"2023-08-19T07:38:09.184992+00:00","EndTime":"2023-08-19T07:38:09.2442886+00:00","Properties":[{"Key":{"Id":"NUnit.Seed","Label":"Seed","Category":"","Description":"","Attributes":0,"ValueType":"System.String"},"Value":"1902625962"}]},{"TestCase":{"Id":"4a1fc106-f431-74d0-0f80-2b689289dd2f","FullyQualifiedName":"FizzBuzzTests.Tests.checkFizzBuzz_ThrowsException_WhenInvalidNumberGiven","DisplayName":"checkFizzBuzz_ThrowsException_WhenInvalidNumberGiven","ExecutorUri":"executor://NUnit3TestExecutor","Source":"C:\\Users\\Shakhriyor_Toylokov\\source\\repos\\UnitTesting\\FizzBuzzTests\\bin\\Debug\\netcoreapp3.1\\fine-code-coverage\\build-output\\FizzBuzzTests.dll","CodeFilePath":null,"LineNumber":0,"Properties":[{"Key":{"Id":"NUnit.Seed","Label":"Seed","Category":"","Description":"","Attributes":0,"ValueType":"System.String"},"Value":"225701856"}]},"Attachments":[],"Outcome":1,"ErrorMessage":null,"ErrorStackTrace":null,"DisplayName":"checkFizzBuzz_ThrowsException_WhenInvalidNumberGiven","Messages":[],"ComputerName":"EPUZTASW0474","Duration":"00:00:00.0074510","StartTime":"2023-08-19T07:38:09.2466298+00:00","EndTime":"2023-08-19T07:38:09.2540775+00:00","Properties":[{"Key":{"Id":"NUnit.Seed","Label":"Seed","Category":"","Description":"","Attributes":0,"ValueType":"System.String"},"Value":"225701856"}]}],"TestRunStatistics":{"ExecutedTests":2,"Stats":{"Passed":2}},"ActiveTests":[]},"RunAttachments":[],"ExecutorUris":["executor://nunit3testexecutor/"]}}
TpTrace Verbose: 0 : 20284, 12, 2023/08/19, 12:38:09.375, 483844104947, vstest.console.dll, TestRequestSender.EndSession: Sending end session.
TpTrace Verbose: 0 : 20284, 12, 2023/08/19, 12:38:09.375, 483844107466, vstest.console.dll, ProxyOperationManager.Close: waiting for test host to exit for 100 ms
TpTrace Warning: 0 : 20284, 11, 2023/08/19, 12:38:09.410, 483844459210, vstest.console.dll, TestHostManagerCallbacks.ErrorReceivedCallback Test host standard error line: 
TpTrace Verbose: 0 : 20284, 11, 2023/08/19, 12:38:09.423, 483844586592, vstest.console.dll, TestHostProvider.ExitCallBack: Host exited starting callback.
TpTrace Information: 0 : 20284, 11, 2023/08/19, 12:38:09.423, 483844588969, vstest.console.dll, TestHostManagerCallbacks.ExitCallBack: Testhost processId: 10080 exited with exitcode: 0 error: ''
TpTrace Verbose: 0 : 20284, 11, 2023/08/19, 12:38:09.423, 483844589542, vstest.console.dll, DotnetTestHostManager.OnHostExited: invoking OnHostExited callback
TpTrace Verbose: 0 : 20284, 11, 2023/08/19, 12:38:09.423, 483844590262, vstest.console.dll, CrossPlatEngine.TestHostManagerHostExited: calling on client process exit callback.
TpTrace Information: 0 : 20284, 11, 2023/08/19, 12:38:09.423, 483844590824, vstest.console.dll, TestRequestSender.OnClientProcessExit: Test host process exited. Standard error: 
TpTrace Information: 0 : 20284, 11, 2023/08/19, 12:38:09.423, 483844591291, vstest.console.dll, SocketServer.Stop: Stop server endPoint: 127.0.0.1:56496
TpTrace Information: 0 : 20284, 11, 2023/08/19, 12:38:09.423, 483844591616, vstest.console.dll, SocketServer.Stop: Cancellation requested. Stopping message loop.
TpTrace Verbose: 0 : 20284, 11, 2023/08/19, 12:38:09.423, 483844592450, vstest.console.dll, MulticastDelegateUtilities.SafeInvoke: HostProviderEvents.OnHostExited: Invoking callback 1/1 for Microsoft.VisualStudio.TestPlatform.CrossPlatEngine.Client.ProxyOperationManager., took 0 ms.
TpTrace Information: 0 : 20284, 12, 2023/08/19, 12:38:09.423, 483844593718, vstest.console.dll, SocketServer.Stop: Stop server endPoint: 127.0.0.1:56496
TpTrace Information: 0 : 20284, 12, 2023/08/19, 12:38:09.424, 483844594934, vstest.console.dll, SocketServer.Stop: Cancellation requested. Stopping message loop.
TpTrace Information: 0 : 20284, 12, 2023/08/19, 12:38:09.424, 483844595679, vstest.console.dll, Closing the connection
TpTrace Verbose: 0 : 20284, 12, 2023/08/19, 12:38:09.424, 483844599066, vstest.console.dll, ProxyDataCollectionManager.InvokeDataCollectionServiceAction: Starting.
TpTrace Information: 0 : 20284, 12, 2023/08/19, 12:38:09.424, 483844599672, vstest.console.dll, ProxyDataCollectionManager.AfterTestRunEnd: Get attachment set and invoked data collectors processId: 11700 port: 56493
TpTrace Verbose: 0 : 20284, 12, 2023/08/19, 12:38:09.424, 483844600261, vstest.console.dll, DataCollectionRequestSender.SendAfterTestRunStartAndGetResult: Send AfterTestRunEnd message with isCancelled: False
TpTrace Verbose: 0 : 20284, 12, 2023/08/19, 12:38:09.433, 483844690592, vstest.console.dll, DataCollectionRequestSender.SendAfterTestRunStartAndGetResult: Received message: (DataCollection.AfterTestRunEndResult) -> {"MessageType":"DataCollection.AfterTestRunEndResult","Payload":{"AttachmentSets":[],"InvokedDataCollectors":[{"Uri":"datacollector://Microsoft/TestPlatform/Extensions/Blame/v1","FriendlyName":"Blame","AssemblyQualifiedName":"Microsoft.TestPlatform.Extensions.BlameDataCollector.BlameCollector, Microsoft.TestPlatform.Extensions.BlameDataCollector, Version=15.0.0.0, Culture=neutral, PublicKeyToken=b03f5f7f11d50a3a","FilePath":"C:\\Program Files\\dotnet\\sdk\\7.0.100\\Extensions\\Microsoft.TestPlatform.Extensions.BlameDataCollector.dll","HasAttachmentProcessor":false}],"Metrics":{}}}
TpTrace Warning: 0 : 20284, 9, 2023/08/19, 12:38:09.440, 483844761959, vstest.console.dll, DataCollectionLauncher.ErrorReceivedCallback datacollector standard error line: 
TpTrace Information: 0 : 20284, 12, 2023/08/19, 12:38:09.444, 483844799528, vstest.console.dll, ProxyDataCollectionManager.InvokeDataCollectionServiceAction: Completed.
TpTrace Information: 0 : 20284, 9, 2023/08/19, 12:38:09.454, 483844896437, vstest.console.dll, DataCollectionLauncher.ExitCallBack: Data collector exited with exitcode: 0 error: ''
TpTrace Verbose: 0 : 20284, 12, 2023/08/19, 12:38:09.525, 483845614441, vstest.console.dll, TestRunRequest:SendTestRunStatsChange: Starting.
TpTrace Verbose: 0 : 20284, 12, 2023/08/19, 12:38:09.526, 483845618854, vstest.console.dll, MulticastDelegateUtilities.SafeInvoke: TestRun.RunStatsChanged: Invoking callbacks was skipped because there are no subscribers.
TpTrace Information: 0 : 20284, 12, 2023/08/19, 12:38:09.526, 483845619423, vstest.console.dll, TestRunRequest:SendTestRunStatsChange: Completed.
TpTrace Verbose: 0 : 20284, 12, 2023/08/19, 12:38:09.526, 483845624298, vstest.console.dll, ParallelProxyExecutionManager: HandlePartialRunComplete: Total completed clients = 1, Run complete = True, Run canceled: False.
TpTrace Verbose: 0 : 20284, 4, 2023/08/19, 12:38:09.529, 483845645676, vstest.console.dll, MulticastDelegateUtilities.SafeInvoke: InternalTestLoggerEvents.SendTestResult: Invoking callback 1/1 for Microsoft.VisualStudio.TestPlatform.CommandLine.Internal.ConsoleLogger., took 2 ms.
TpTrace Verbose: 0 : 20284, 4, 2023/08/19, 12:38:09.529, 483845650474, vstest.console.dll, MulticastDelegateUtilities.SafeInvoke: InternalTestLoggerEvents.SendTestResult: Invoking callback 1/1 for Microsoft.VisualStudio.TestPlatform.CommandLine.Internal.ConsoleLogger., took 0 ms.
TpTrace Verbose: 0 : 20284, 4, 2023/08/19, 12:38:09.536, 483845723455, vstest.console.dll, MulticastDelegateUtilities.SafeInvoke: InternalTestLoggerEvents.SendTestRunComplete: Invoking callback 1/2 for Microsoft.TestPlatform.Extensions.BlameDataCollector.BlameLogger., took 0 ms.
TpTrace Verbose: 0 : 20284, 4, 2023/08/19, 12:38:09.543, 483845787895, vstest.console.dll, MulticastDelegateUtilities.SafeInvoke: InternalTestLoggerEvents.SendTestRunComplete: Invoking callback 2/2 for Microsoft.VisualStudio.TestPlatform.CommandLine.Internal.ConsoleLogger., took 6 ms.
TpTrace Verbose: 0 : 20284, 12, 2023/08/19, 12:38:09.543, 483845793944, vstest.console.dll, TestRunRequest:TestRunComplete: Starting. IsAborted:False IsCanceled:False.
TpTrace Verbose: 0 : 20284, 12, 2023/08/19, 12:38:09.545, 483845813253, vstest.console.dll, TestLoggerManager.HandleTestRunComplete: Ignoring as the object is disposed.
TpTrace Verbose: 0 : 20284, 12, 2023/08/19, 12:38:09.546, 483845815787, vstest.console.dll, MulticastDelegateUtilities.SafeInvoke: TestRun.TestRunComplete: Invoking callback 1/2 for Microsoft.VisualStudio.TestPlatform.CommandLine.TestRunResultAggregator., took 0 ms.
TpTrace Verbose: 0 : 20284, 12, 2023/08/19, 12:38:09.546, 483845817554, vstest.console.dll, MulticastDelegateUtilities.SafeInvoke: TestRun.TestRunComplete: Invoking callback 2/2 for Microsoft.VisualStudio.TestPlatform.CommandLine.Processors.RunTestsArgumentExecutor+TestRunRequestEventsRegistrar., took 0 ms.
TpTrace Information: 0 : 20284, 12, 2023/08/19, 12:38:09.546, 483845818647, vstest.console.dll, TestRunRequest:TestRunComplete: Completed.
TpTrace Verbose: 0 : 20284, 12, 2023/08/19, 12:38:09.546, 483845819053, vstest.console.dll, TestRequestSender.SetOperationComplete: Setting operation complete.
TpTrace Information: 0 : 20284, 12, 2023/08/19, 12:38:09.546, 483845819375, vstest.console.dll, SocketServer.Stop: Stop server endPoint: 127.0.0.1:56496
TpTrace Information: 0 : 20284, 12, 2023/08/19, 12:38:09.546, 483845819702, vstest.console.dll, SocketServer.Stop: Cancellation requested. Stopping message loop.
TpTrace Verbose: 0 : 20284, 12, 2023/08/19, 12:38:09.546, 483845820067, vstest.console.dll, MulticastDelegateUtilities.SafeInvoke: LengthPrefixCommunicationChannel: MessageReceived: Invoking callback 1/1 for Microsoft.VisualStudio.TestPlatform.CommunicationUtilities.TestRequestSender+<>c__DisplayClass31_0., took 171 ms.
TpTrace Information: 0 : 20284, 12, 2023/08/19, 12:38:09.546, 483845820479, vstest.console.dll, SocketServer.PrivateStop: Stopping server endPoint: 127.0.0.1:56496 error: 
TpTrace Verbose: 0 : 20284, 1, 2023/08/19, 12:38:09.546, 483845821067, vstest.console.dll, TestRunRequest.Dispose: Starting.
TpTrace Information: 0 : 20284, 1, 2023/08/19, 12:38:09.546, 483845822220, vstest.console.dll, TestRunRequest.Dispose: Completed.
TpTrace Information: 0 : 20284, 1, 2023/08/19, 12:38:09.546, 483845822923, vstest.console.dll, TestRequestManager.RunTests: run tests completed.
TpTrace Verbose: 0 : 20284, 12, 2023/08/19, 12:38:09.547, 483845824693, vstest.console.dll, LengthPrefixCommunicationChannel.Dispose: Dispose reader and writer.
TpTrace Information: 0 : 20284, 1, 2023/08/19, 12:38:09.547, 483845824932, vstest.console.dll, RunTestsArgumentProcessor:Execute: Test run is completed.
TpTrace Information: 0 : 20284, 12, 2023/08/19, 12:38:09.547, 483845825900, vstest.console.dll, SocketServer.Stop: Raise disconnected event endPoint: 127.0.0.1:56496 error: 
TpTrace Verbose: 0 : 20284, 12, 2023/08/19, 12:38:09.547, 483845827454, vstest.console.dll, TestRequestSender: OnTestRunAbort: Operation is already complete. Skip error message.
TpTrace Verbose: 0 : 20284, 12, 2023/08/19, 12:38:09.547, 483845827963, vstest.console.dll, MulticastDelegateUtilities.SafeInvoke: SocketServer: ClientDisconnected: Invoking callback 1/1 for Microsoft.VisualStudio.TestPlatform.CommunicationUtilities.TestRequestSender., took 0 ms.
TpTrace Verbose: 0 : 20284, 1, 2023/08/19, 12:38:09.547, 483845828056, vstest.console.dll, Executor.Execute: Exiting with exit code of 0
TpTrace Verbose: 0 : 20284, 12, 2023/08/19, 12:38:09.547, 483845828343, vstest.console.dll, TcpClientExtensions.MessageLoopAsync: exiting MessageLoopAsync remoteEndPoint: 127.0.0.1:56497 localEndPoint: 127.0.0.1:56496
